[2021-05-21 10:13:44,216:INFO] scrap event start
[2021-05-21 10:13:44,469:INFO] scrap event (1/32)
[2021-05-21 10:13:45,895:INFO] scrap event (2/32)
[2021-05-21 10:13:46,252:INFO] scrap event (3/32)
[2021-05-21 10:13:46,356:INFO] start eventProduct
[2021-05-21 10:13:46,470:INFO] scrap eventProduct-1n1 (1/27)
[2021-05-21 10:13:47,245:INFO] scrap eventProduct-1n1 (2/27)
[2021-05-21 10:13:48,075:INFO] scrap eventProduct-1n1 (3/27)
[2021-05-21 10:13:48,919:INFO] scrap eventProduct-1n1 (4/27)
[2021-05-21 10:13:49,782:INFO] scrap eventProduct-1n1 (5/27)
[2021-05-21 10:13:50,580:INFO] scrap eventProduct-1n1 (6/27)
[2021-05-21 10:13:51,411:INFO] scrap eventProduct-1n1 (7/27)
[2021-05-21 10:13:52,175:INFO] scrap eventProduct-1n1 (8/27)
[2021-05-21 10:13:53,050:INFO] scrap eventProduct-1n1 (9/27)
[2021-05-21 10:13:53,911:INFO] scrap eventProduct-1n1 (10/27)
[2021-05-21 10:13:54,679:INFO] scrap eventProduct-1n1 (11/27)
[2021-05-21 10:13:55,430:INFO] scrap eventProduct-1n1 (12/27)
[2021-05-21 10:13:56,142:INFO] scrap eventProduct-1n1 (13/27)
[2021-05-21 10:13:56,835:INFO] scrap eventProduct-1n1 (14/27)
[2021-05-21 10:13:57,557:INFO] scrap eventProduct-1n1 (15/27)
[2021-05-21 10:13:58,306:INFO] scrap eventProduct-1n1 (16/27)
[2021-05-21 10:13:59,121:INFO] scrap eventProduct-1n1 (17/27)
[2021-05-21 10:14:00,001:INFO] scrap eventProduct-1n1 (18/27)
[2021-05-21 10:14:00,951:INFO] scrap eventProduct-1n1 (19/27)
[2021-05-21 10:14:01,887:INFO] scrap eventProduct-1n1 (20/27)
[2021-05-21 10:14:02,723:INFO] scrap eventProduct-1n1 (21/27)
[2021-05-21 10:14:03,616:INFO] scrap eventProduct-1n1 (22/27)
[2021-05-21 10:14:04,438:INFO] scrap eventProduct-1n1 (23/27)
[2021-05-21 10:14:05,271:INFO] scrap eventProduct-1n1 (24/27)
[2021-05-21 10:14:06,164:INFO] scrap eventProduct-1n1 (25/27)
[2021-05-21 10:14:07,034:INFO] scrap eventProduct-1n1 (26/27)
[2021-05-21 10:14:07,895:INFO] scrap eventProduct-1n1 (27/27)
[2021-05-21 10:14:08,789:INFO] scrap eventProduct-2n1 (1/61)
[2021-05-21 10:14:09,654:INFO] scrap eventProduct-2n1 (2/61)
[2021-05-21 10:14:10,630:INFO] scrap eventProduct-2n1 (3/61)
[2021-05-21 10:14:11,523:INFO] scrap eventProduct-2n1 (4/61)
[2021-05-21 10:14:12,484:INFO] scrap eventProduct-2n1 (5/61)
[2021-05-21 10:14:13,343:INFO] scrap eventProduct-2n1 (6/61)
[2021-05-21 10:14:14,237:INFO] scrap eventProduct-2n1 (7/61)
[2021-05-21 10:14:15,130:INFO] scrap eventProduct-2n1 (8/61)
[2021-05-21 10:14:15,980:INFO] scrap eventProduct-2n1 (9/61)
[2021-05-21 10:14:16,866:INFO] scrap eventProduct-2n1 (10/61)
[2021-05-21 10:14:17,766:INFO] scrap eventProduct-2n1 (11/61)
[2021-05-21 10:14:18,625:INFO] scrap eventProduct-2n1 (12/61)
[2021-05-21 10:14:19,529:INFO] scrap eventProduct-2n1 (13/61)
[2021-05-21 10:14:20,413:INFO] scrap eventProduct-2n1 (14/61)
[2021-05-21 10:14:21,347:INFO] scrap eventProduct-2n1 (15/61)
[2021-05-21 10:14:22,259:INFO] scrap eventProduct-2n1 (16/61)
[2021-05-21 10:14:23,156:INFO] scrap eventProduct-2n1 (17/61)
[2021-05-21 10:14:24,013:INFO] scrap eventProduct-2n1 (18/61)
[2021-05-21 10:14:24,893:INFO] scrap eventProduct-2n1 (19/61)
[2021-05-21 10:14:25,803:INFO] scrap eventProduct-2n1 (20/61)
[2021-05-21 10:14:26,726:INFO] scrap eventProduct-2n1 (21/61)
[2021-05-21 10:14:27,602:INFO] scrap eventProduct-2n1 (22/61)
[2021-05-21 10:14:28,445:INFO] scrap eventProduct-2n1 (23/61)
[2021-05-21 10:14:29,337:INFO] scrap eventProduct-2n1 (24/61)
[2021-05-21 10:14:30,235:INFO] scrap eventProduct-2n1 (25/61)
[2021-05-21 10:14:31,109:INFO] scrap eventProduct-2n1 (26/61)
[2021-05-21 10:14:32,028:INFO] scrap eventProduct-2n1 (27/61)
[2021-05-21 10:14:32,922:INFO] scrap eventProduct-2n1 (28/61)
[2021-05-21 10:14:33,789:INFO] scrap eventProduct-2n1 (29/61)
[2021-05-21 10:14:34,675:INFO] scrap eventProduct-2n1 (30/61)
[2021-05-21 10:14:35,560:INFO] scrap eventProduct-2n1 (31/61)
[2021-05-21 10:14:36,455:INFO] scrap eventProduct-2n1 (32/61)
[2021-05-21 10:14:37,350:INFO] scrap eventProduct-2n1 (33/61)
[2021-05-21 10:14:38,180:INFO] scrap eventProduct-2n1 (34/61)
[2021-05-21 10:14:39,022:INFO] scrap eventProduct-2n1 (35/61)
[2021-05-21 10:14:39,914:INFO] scrap eventProduct-2n1 (36/61)
[2021-05-21 10:14:40,822:INFO] scrap eventProduct-2n1 (37/61)
[2021-05-21 10:14:41,724:INFO] scrap eventProduct-2n1 (38/61)
[2021-05-21 10:14:42,585:INFO] scrap eventProduct-2n1 (39/61)
[2021-05-21 10:14:43,429:INFO] scrap eventProduct-2n1 (40/61)
[2021-05-21 10:14:44,357:INFO] scrap eventProduct-2n1 (41/61)
[2021-05-21 10:14:45,206:INFO] scrap eventProduct-2n1 (42/61)
[2021-05-21 10:14:46,099:INFO] scrap eventProduct-2n1 (43/61)
[2021-05-21 10:14:47,003:INFO] scrap eventProduct-2n1 (44/61)
[2021-05-21 10:14:47,892:INFO] scrap eventProduct-2n1 (45/61)
[2021-05-21 10:14:48,748:INFO] scrap eventProduct-2n1 (46/61)
[2021-05-21 10:14:49,599:INFO] scrap eventProduct-2n1 (47/61)
[2021-05-21 10:14:50,438:INFO] scrap eventProduct-2n1 (48/61)
[2021-05-21 10:14:51,336:INFO] scrap eventProduct-2n1 (49/61)
[2021-05-21 10:14:52,168:INFO] scrap eventProduct-2n1 (50/61)
[2021-05-21 10:14:52,985:INFO] scrap eventProduct-2n1 (51/61)
[2021-05-21 10:14:53,773:INFO] scrap eventProduct-2n1 (52/61)
[2021-05-21 10:14:54,621:INFO] scrap eventProduct-2n1 (53/61)
[2021-05-21 10:14:55,468:INFO] scrap eventProduct-2n1 (54/61)
[2021-05-21 10:14:56,288:INFO] scrap eventProduct-2n1 (55/61)
[2021-05-21 10:14:57,113:INFO] scrap eventProduct-2n1 (56/61)
[2021-05-21 10:14:57,962:INFO] scrap eventProduct-2n1 (57/61)
[2021-05-21 10:14:58,828:INFO] scrap eventProduct-2n1 (58/61)
[2021-05-21 10:14:59,730:INFO] scrap eventProduct-2n1 (59/61)
[2021-05-21 10:15:00,553:INFO] scrap eventProduct-2n1 (60/61)
[2021-05-21 10:15:01,405:INFO] scrap eventProduct-2n1 (61/61)
[2021-05-21 10:15:02,120:INFO] scrap eventProduct-3n1 (1/1)
[2021-05-21 10:15:02,918:INFO] scrap eventProduct-SALE (1/10)
[2021-05-21 10:15:03,730:INFO] scrap eventProduct-SALE (2/10)
[2021-05-21 10:15:04,559:INFO] scrap eventProduct-SALE (3/10)
[2021-05-21 10:15:05,344:INFO] scrap eventProduct-SALE (4/10)
[2021-05-21 10:15:06,156:INFO] scrap eventProduct-SALE (5/10)
[2021-05-21 10:15:08,017:INFO] scrap eventProduct-SALE (6/10)
[2021-05-21 10:15:09,772:INFO] scrap eventProduct-SALE (7/10)
[2021-05-21 10:15:10,605:INFO] scrap eventProduct-SALE (8/10)
[2021-05-21 10:15:11,488:INFO] scrap eventProduct-SALE (9/10)
[2021-05-21 10:15:12,273:INFO] scrap eventProduct-SALE (10/10)
[2021-05-21 10:15:12,576:INFO] scrap eventProduct-X2 (1/2)
[2021-05-21 10:15:13,339:INFO] scrap eventProduct-X2 (2/2)
