[2021-05-20 07:38:17,513:INFO] scrap event start
[2021-05-20 07:38:17,790:INFO] scrap event (1/32)
[2021-05-20 07:38:19,112:INFO] scrap event (2/32)
[2021-05-20 07:38:19,308:INFO] scrap event (3/32)
[2021-05-20 07:38:19,423:INFO] start eventProduct
[2021-05-20 07:38:19,523:INFO] scrap eventProduct-1n1 (1/27)
[2021-05-20 07:38:20,201:INFO] scrap eventProduct-1n1 (2/27)
[2021-05-20 07:38:21,015:INFO] scrap eventProduct-1n1 (3/27)
[2021-05-20 07:38:21,803:INFO] scrap eventProduct-1n1 (4/27)
[2021-05-20 07:38:22,587:INFO] scrap eventProduct-1n1 (5/27)
[2021-05-20 07:38:23,372:INFO] scrap eventProduct-1n1 (6/27)
[2021-05-20 07:38:24,143:INFO] scrap eventProduct-1n1 (7/27)
[2021-05-20 07:38:24,895:INFO] scrap eventProduct-1n1 (8/27)
[2021-05-20 07:38:25,696:INFO] scrap eventProduct-1n1 (9/27)
[2021-05-20 07:38:26,481:INFO] scrap eventProduct-1n1 (10/27)
[2021-05-20 07:38:27,283:INFO] scrap eventProduct-1n1 (11/27)
[2021-05-20 07:38:28,083:INFO] scrap eventProduct-1n1 (12/27)
[2021-05-20 07:38:28,858:INFO] scrap eventProduct-1n1 (13/27)
[2021-05-20 07:38:29,641:INFO] scrap eventProduct-1n1 (14/27)
[2021-05-20 07:38:30,413:INFO] scrap eventProduct-1n1 (15/27)
[2021-05-20 07:38:31,196:INFO] scrap eventProduct-1n1 (16/27)
[2021-05-20 07:38:31,881:INFO] scrap eventProduct-1n1 (17/27)
[2021-05-20 07:38:32,668:INFO] scrap eventProduct-1n1 (18/27)
[2021-05-20 07:38:33,486:INFO] scrap eventProduct-1n1 (19/27)
[2021-05-20 07:38:34,342:INFO] scrap eventProduct-1n1 (20/27)
[2021-05-20 07:38:35,132:INFO] scrap eventProduct-1n1 (21/27)
[2021-05-20 07:38:35,888:INFO] scrap eventProduct-1n1 (22/27)
[2021-05-20 07:38:36,643:INFO] scrap eventProduct-1n1 (23/27)
[2021-05-20 07:38:37,426:INFO] scrap eventProduct-1n1 (24/27)
[2021-05-20 07:38:38,222:INFO] scrap eventProduct-1n1 (25/27)
[2021-05-20 07:38:38,934:INFO] scrap eventProduct-1n1 (26/27)
[2021-05-20 07:38:39,688:INFO] scrap eventProduct-1n1 (27/27)
[2021-05-20 07:38:40,425:INFO] scrap eventProduct-2n1 (1/61)
[2021-05-20 07:38:41,195:INFO] scrap eventProduct-2n1 (2/61)
[2021-05-20 07:38:42,004:INFO] scrap eventProduct-2n1 (3/61)
[2021-05-20 07:38:42,718:INFO] scrap eventProduct-2n1 (4/61)
[2021-05-20 07:38:43,387:INFO] scrap eventProduct-2n1 (5/61)
[2021-05-20 07:38:44,203:INFO] scrap eventProduct-2n1 (6/61)
[2021-05-20 07:38:45,031:INFO] scrap eventProduct-2n1 (7/61)
[2021-05-20 07:38:45,846:INFO] scrap eventProduct-2n1 (8/61)
[2021-05-20 07:38:46,661:INFO] scrap eventProduct-2n1 (9/61)
[2021-05-20 07:38:47,477:INFO] scrap eventProduct-2n1 (10/61)
[2021-05-20 07:38:48,291:INFO] scrap eventProduct-2n1 (11/61)
[2021-05-20 07:38:49,107:INFO] scrap eventProduct-2n1 (12/61)
[2021-05-20 07:38:49,936:INFO] scrap eventProduct-2n1 (13/61)
[2021-05-20 07:38:50,790:INFO] scrap eventProduct-2n1 (14/61)
[2021-05-20 07:38:51,570:INFO] scrap eventProduct-2n1 (15/61)
[2021-05-20 07:38:52,373:INFO] scrap eventProduct-2n1 (16/61)
[2021-05-20 07:38:53,118:INFO] scrap eventProduct-2n1 (17/61)
[2021-05-20 07:38:53,932:INFO] scrap eventProduct-2n1 (18/61)
[2021-05-20 07:38:54,969:INFO] scrap eventProduct-2n1 (19/61)
[2021-05-20 07:38:55,819:INFO] scrap eventProduct-2n1 (20/61)
[2021-05-20 07:38:56,663:INFO] scrap eventProduct-2n1 (21/61)
[2021-05-20 07:38:57,511:INFO] scrap eventProduct-2n1 (22/61)
[2021-05-20 07:38:58,349:INFO] scrap eventProduct-2n1 (23/61)
[2021-05-20 07:38:59,173:INFO] scrap eventProduct-2n1 (24/61)
[2021-05-20 07:38:59,996:INFO] scrap eventProduct-2n1 (25/61)
[2021-05-20 07:39:00,784:INFO] scrap eventProduct-2n1 (26/61)
[2021-05-20 07:39:01,655:INFO] scrap eventProduct-2n1 (27/61)
[2021-05-20 07:39:02,471:INFO] scrap eventProduct-2n1 (28/61)
[2021-05-20 07:39:03,314:INFO] scrap eventProduct-2n1 (29/61)
[2021-05-20 07:39:04,116:INFO] scrap eventProduct-2n1 (30/61)
[2021-05-20 07:39:04,943:INFO] scrap eventProduct-2n1 (31/61)
[2021-05-20 07:39:05,772:INFO] scrap eventProduct-2n1 (32/61)
[2021-05-20 07:39:06,578:INFO] scrap eventProduct-2n1 (33/61)
[2021-05-20 07:39:07,387:INFO] scrap eventProduct-2n1 (34/61)
[2021-05-20 07:39:08,215:INFO] scrap eventProduct-2n1 (35/61)
[2021-05-20 07:39:09,056:INFO] scrap eventProduct-2n1 (36/61)
[2021-05-20 07:39:09,901:INFO] scrap eventProduct-2n1 (37/61)
[2021-05-20 07:39:10,732:INFO] scrap eventProduct-2n1 (38/61)
[2021-05-20 07:39:11,548:INFO] scrap eventProduct-2n1 (39/61)
[2021-05-20 07:39:12,347:INFO] scrap eventProduct-2n1 (40/61)
[2021-05-20 07:39:13,162:INFO] scrap eventProduct-2n1 (41/61)
[2021-05-20 07:39:14,040:INFO] scrap eventProduct-2n1 (42/61)
[2021-05-20 07:39:14,847:INFO] scrap eventProduct-2n1 (43/61)
[2021-05-20 07:39:15,655:INFO] scrap eventProduct-2n1 (44/61)
[2021-05-20 07:39:16,499:INFO] scrap eventProduct-2n1 (45/61)
[2021-05-20 07:39:17,718:INFO] scrap eventProduct-2n1 (46/61)
[2021-05-20 07:39:18,842:INFO] scrap eventProduct-2n1 (47/61)
[2021-05-20 07:39:19,709:INFO] scrap eventProduct-2n1 (48/61)
[2021-05-20 07:39:20,527:INFO] scrap eventProduct-2n1 (49/61)
[2021-05-20 07:39:21,371:INFO] scrap eventProduct-2n1 (50/61)
[2021-05-20 07:39:22,215:INFO] scrap eventProduct-2n1 (51/61)
[2021-05-20 07:39:23,031:INFO] scrap eventProduct-2n1 (52/61)
[2021-05-20 07:39:23,850:INFO] scrap eventProduct-2n1 (53/61)
[2021-05-20 07:39:24,958:INFO] scrap eventProduct-2n1 (54/61)
[2021-05-20 07:39:25,789:INFO] scrap eventProduct-2n1 (55/61)
[2021-05-20 07:39:26,591:INFO] scrap eventProduct-2n1 (56/61)
[2021-05-20 07:39:27,391:INFO] scrap eventProduct-2n1 (57/61)
[2021-05-20 07:39:28,188:INFO] scrap eventProduct-2n1 (58/61)
[2021-05-20 07:39:28,988:INFO] scrap eventProduct-2n1 (59/61)
[2021-05-20 07:39:29,823:INFO] scrap eventProduct-2n1 (60/61)
[2021-05-20 07:39:30,623:INFO] scrap eventProduct-2n1 (61/61)
[2021-05-20 07:39:31,328:INFO] scrap eventProduct-3n1 (1/1)
[2021-05-20 07:39:32,060:INFO] scrap eventProduct-SALE (1/10)
[2021-05-20 07:39:32,819:INFO] scrap eventProduct-SALE (2/10)
[2021-05-20 07:39:33,600:INFO] scrap eventProduct-SALE (3/10)
[2021-05-20 07:39:34,414:INFO] scrap eventProduct-SALE (4/10)
[2021-05-20 07:39:35,215:INFO] scrap eventProduct-SALE (5/10)
[2021-05-20 07:39:36,067:INFO] scrap eventProduct-SALE (6/10)
[2021-05-20 07:39:36,873:INFO] scrap eventProduct-SALE (7/10)
[2021-05-20 07:39:37,678:INFO] scrap eventProduct-SALE (8/10)
[2021-05-20 07:39:38,475:INFO] scrap eventProduct-SALE (9/10)
[2021-05-20 07:39:39,286:INFO] scrap eventProduct-SALE (10/10)
[2021-05-20 07:39:39,579:INFO] scrap eventProduct-X2 (1/2)
[2021-05-20 07:39:40,375:INFO] scrap eventProduct-X2 (2/2)
[2021-05-20 07:39:40,571:INFO] start rankingView
[2021-05-20 07:39:40,607:INFO] scrap rankingView (1 / 3)
[2021-05-20 07:39:55,242:ERROR] 처리되지 않은 에러 발생
Traceback (most recent call last):
  File "main_crawling.py", line 337, in scrap_all
    scrap_rankingView()
  File "main_crawling.py", line 146, in scrap_rankingView
    img = search_product(result[index][1])
  File "main_crawling.py", line 89, in search_product
    image = browser.find_element_by_xpath('/html/body/div[2]/c-wiz/div[3]/div[1]/div/div/div/div/div[1]/div[1]/div[5]/a[1]/div[1]/img')
  File "C:\Users\wltjd\Anaconda3\envs\crawling\lib\site-packages\selenium\webdriver\remote\webdriver.py", line 394, in find_element_by_xpath
    return self.find_element(by=By.XPATH, value=xpath)
  File "C:\Users\wltjd\Anaconda3\envs\crawling\lib\site-packages\selenium\webdriver\remote\webdriver.py", line 978, in find_element
    'value': value})['value']
  File "C:\Users\wltjd\Anaconda3\envs\crawling\lib\site-packages\selenium\webdriver\remote\webdriver.py", line 321, in execute
    self.error_handler.check_response(response)
  File "C:\Users\wltjd\Anaconda3\envs\crawling\lib\site-packages\selenium\webdriver\remote\errorhandler.py", line 242, in check_response
    raise exception_class(message, screen, stacktrace)
selenium.common.exceptions.NoSuchElementException: Message: no such element: Unable to locate element: {"method":"xpath","selector":"/html/body/div[2]/c-wiz/div[3]/div[1]/div/div/div/div/div[1]/div[1]/div[5]/a[1]/div[1]/img"}
  (Session info: chrome=90.0.4430.212)

