[2021-05-20 07:32:46,811:INFO] scrap event start
[2021-05-20 07:32:47,073:INFO] scrap event (1/32)
[2021-05-20 07:32:48,429:INFO] scrap event (2/32)
[2021-05-20 07:32:48,647:INFO] scrap event (3/32)
[2021-05-20 07:32:48,768:INFO] start eventProduct
[2021-05-20 07:32:48,901:INFO] scrap eventProduct-1n1 (1/27)
[2021-05-20 07:32:49,698:INFO] scrap eventProduct-1n1 (2/27)
[2021-05-20 07:32:50,529:INFO] scrap eventProduct-1n1 (3/27)
[2021-05-20 07:32:51,296:INFO] scrap eventProduct-1n1 (4/27)
[2021-05-20 07:32:52,112:INFO] scrap eventProduct-1n1 (5/27)
[2021-05-20 07:32:52,854:INFO] scrap eventProduct-1n1 (6/27)
[2021-05-20 07:32:53,715:INFO] scrap eventProduct-1n1 (7/27)
[2021-05-20 07:32:54,529:INFO] scrap eventProduct-1n1 (8/27)
[2021-05-20 07:32:55,319:INFO] scrap eventProduct-1n1 (9/27)
[2021-05-20 07:32:56,222:INFO] scrap eventProduct-1n1 (10/27)
[2021-05-20 07:32:56,980:INFO] scrap eventProduct-1n1 (11/27)
[2021-05-20 07:32:57,828:INFO] scrap eventProduct-1n1 (12/27)
[2021-05-20 07:32:58,627:INFO] scrap eventProduct-1n1 (13/27)
[2021-05-20 07:32:59,417:INFO] scrap eventProduct-1n1 (14/27)
[2021-05-20 07:33:00,159:INFO] scrap eventProduct-1n1 (15/27)
[2021-05-20 07:33:00,979:INFO] scrap eventProduct-1n1 (16/27)
[2021-05-20 07:33:01,817:INFO] scrap eventProduct-1n1 (17/27)
[2021-05-20 07:33:02,651:INFO] scrap eventProduct-1n1 (18/27)
[2021-05-20 07:33:03,412:INFO] scrap eventProduct-1n1 (19/27)
[2021-05-20 07:33:04,200:INFO] scrap eventProduct-1n1 (20/27)
[2021-05-20 07:33:05,028:INFO] scrap eventProduct-1n1 (21/27)
[2021-05-20 07:33:05,826:INFO] scrap eventProduct-1n1 (22/27)
[2021-05-20 07:33:06,645:INFO] scrap eventProduct-1n1 (23/27)
[2021-05-20 07:33:07,427:INFO] scrap eventProduct-1n1 (24/27)
[2021-05-20 07:33:08,207:INFO] scrap eventProduct-1n1 (25/27)
[2021-05-20 07:33:08,914:INFO] scrap eventProduct-1n1 (26/27)
[2021-05-20 07:33:09,732:INFO] scrap eventProduct-1n1 (27/27)
[2021-05-20 07:33:10,483:INFO] scrap eventProduct-2n1 (1/61)
[2021-05-20 07:33:11,306:INFO] scrap eventProduct-2n1 (2/61)
[2021-05-20 07:33:12,088:INFO] scrap eventProduct-2n1 (3/61)
[2021-05-20 07:33:12,880:INFO] scrap eventProduct-2n1 (4/61)
[2021-05-20 07:33:13,667:INFO] scrap eventProduct-2n1 (5/61)
[2021-05-20 07:33:14,496:INFO] scrap eventProduct-2n1 (6/61)
[2021-05-20 07:33:15,324:INFO] scrap eventProduct-2n1 (7/61)
[2021-05-20 07:33:16,162:INFO] scrap eventProduct-2n1 (8/61)
[2021-05-20 07:33:16,985:INFO] scrap eventProduct-2n1 (9/61)
[2021-05-20 07:33:17,747:INFO] scrap eventProduct-2n1 (10/61)
[2021-05-20 07:33:18,524:INFO] scrap eventProduct-2n1 (11/61)
[2021-05-20 07:33:19,211:INFO] scrap eventProduct-2n1 (12/61)
[2021-05-20 07:33:19,991:INFO] scrap eventProduct-2n1 (13/61)
[2021-05-20 07:33:20,736:INFO] scrap eventProduct-2n1 (14/61)
[2021-05-20 07:33:21,540:INFO] scrap eventProduct-2n1 (15/61)
[2021-05-20 07:33:22,374:INFO] scrap eventProduct-2n1 (16/61)
[2021-05-20 07:33:23,190:INFO] scrap eventProduct-2n1 (17/61)
[2021-05-20 07:33:24,028:INFO] scrap eventProduct-2n1 (18/61)
[2021-05-20 07:33:24,863:INFO] scrap eventProduct-2n1 (19/61)
[2021-05-20 07:33:25,723:INFO] scrap eventProduct-2n1 (20/61)
[2021-05-20 07:33:26,582:INFO] scrap eventProduct-2n1 (21/61)
[2021-05-20 07:33:27,465:INFO] scrap eventProduct-2n1 (22/61)
[2021-05-20 07:33:28,343:INFO] scrap eventProduct-2n1 (23/61)
[2021-05-20 07:33:29,216:INFO] scrap eventProduct-2n1 (24/61)
[2021-05-20 07:33:30,046:INFO] scrap eventProduct-2n1 (25/61)
[2021-05-20 07:33:30,835:INFO] scrap eventProduct-2n1 (26/61)
[2021-05-20 07:33:31,620:INFO] scrap eventProduct-2n1 (27/61)
[2021-05-20 07:33:32,351:INFO] scrap eventProduct-2n1 (28/61)
[2021-05-20 07:33:33,177:INFO] scrap eventProduct-2n1 (29/61)
[2021-05-20 07:33:34,042:INFO] scrap eventProduct-2n1 (30/61)
[2021-05-20 07:33:34,885:INFO] scrap eventProduct-2n1 (31/61)
[2021-05-20 07:33:35,717:INFO] scrap eventProduct-2n1 (32/61)
[2021-05-20 07:33:36,547:INFO] scrap eventProduct-2n1 (33/61)
[2021-05-20 07:33:37,378:INFO] scrap eventProduct-2n1 (34/61)
[2021-05-20 07:33:38,212:INFO] scrap eventProduct-2n1 (35/61)
[2021-05-20 07:33:39,062:INFO] scrap eventProduct-2n1 (36/61)
[2021-05-20 07:33:39,935:INFO] scrap eventProduct-2n1 (37/61)
[2021-05-20 07:33:40,762:INFO] scrap eventProduct-2n1 (38/61)
[2021-05-20 07:33:41,581:INFO] scrap eventProduct-2n1 (39/61)
[2021-05-20 07:33:42,333:INFO] scrap eventProduct-2n1 (40/61)
[2021-05-20 07:33:43,091:INFO] scrap eventProduct-2n1 (41/61)
[2021-05-20 07:33:43,891:INFO] scrap eventProduct-2n1 (42/61)
[2021-05-20 07:33:44,709:INFO] scrap eventProduct-2n1 (43/61)
[2021-05-20 07:33:45,551:INFO] scrap eventProduct-2n1 (44/61)
[2021-05-20 07:33:46,339:INFO] scrap eventProduct-2n1 (45/61)
[2021-05-20 07:33:47,198:INFO] scrap eventProduct-2n1 (46/61)
[2021-05-20 07:33:48,046:INFO] scrap eventProduct-2n1 (47/61)
[2021-05-20 07:33:48,868:INFO] scrap eventProduct-2n1 (48/61)
[2021-05-20 07:33:49,684:INFO] scrap eventProduct-2n1 (49/61)
[2021-05-20 07:33:50,525:INFO] scrap eventProduct-2n1 (50/61)
[2021-05-20 07:33:51,371:INFO] scrap eventProduct-2n1 (51/61)
[2021-05-20 07:33:52,213:INFO] scrap eventProduct-2n1 (52/61)
[2021-05-20 07:33:53,018:INFO] scrap eventProduct-2n1 (53/61)
[2021-05-20 07:33:53,809:INFO] scrap eventProduct-2n1 (54/61)
[2021-05-20 07:33:54,658:INFO] scrap eventProduct-2n1 (55/61)
[2021-05-20 07:33:55,485:INFO] scrap eventProduct-2n1 (56/61)
[2021-05-20 07:33:56,329:INFO] scrap eventProduct-2n1 (57/61)
[2021-05-20 07:33:57,172:INFO] scrap eventProduct-2n1 (58/61)
[2021-05-20 07:33:58,018:INFO] scrap eventProduct-2n1 (59/61)
[2021-05-20 07:33:58,894:INFO] scrap eventProduct-2n1 (60/61)
[2021-05-20 07:33:59,707:INFO] scrap eventProduct-2n1 (61/61)
[2021-05-20 07:34:00,372:INFO] scrap eventProduct-3n1 (1/1)
[2021-05-20 07:34:01,102:INFO] scrap eventProduct-SALE (1/10)
[2021-05-20 07:34:01,960:INFO] scrap eventProduct-SALE (2/10)
[2021-05-20 07:34:02,764:INFO] scrap eventProduct-SALE (3/10)
[2021-05-20 07:34:03,564:INFO] scrap eventProduct-SALE (4/10)
[2021-05-20 07:34:04,424:INFO] scrap eventProduct-SALE (5/10)
[2021-05-20 07:34:05,210:INFO] scrap eventProduct-SALE (6/10)
[2021-05-20 07:34:06,014:INFO] scrap eventProduct-SALE (7/10)
[2021-05-20 07:34:06,834:INFO] scrap eventProduct-SALE (8/10)
[2021-05-20 07:34:07,631:INFO] scrap eventProduct-SALE (9/10)
[2021-05-20 07:34:08,462:INFO] scrap eventProduct-SALE (10/10)
[2021-05-20 07:34:08,762:INFO] scrap eventProduct-X2 (1/2)
[2021-05-20 07:34:09,543:INFO] scrap eventProduct-X2 (2/2)
[2021-05-20 07:34:09,775:INFO] start rankingView
[2021-05-20 07:34:09,804:INFO] scrap rankingView (1 / 3)
[2021-05-20 07:34:38,453:ERROR] 처리되지 않은 에러 발생
Traceback (most recent call last):
  File "main_crawling.py", line 337, in scrap_all
    scrap_rankingView()
  File "main_crawling.py", line 146, in scrap_rankingView
    img = search_product(result[index][1])
  File "main_crawling.py", line 89, in search_product
    image = browser.find_element_by_xpath('/html/body/div[2]/c-wiz/div[3]/div[1]/div/div/div/div[1]/div[1]/div[1]/div[2]/a[1]/div[1]/img')
  File "C:\Users\wltjd\Anaconda3\envs\crawling\lib\site-packages\selenium\webdriver\remote\webdriver.py", line 394, in find_element_by_xpath
    return self.find_element(by=By.XPATH, value=xpath)
  File "C:\Users\wltjd\Anaconda3\envs\crawling\lib\site-packages\selenium\webdriver\remote\webdriver.py", line 978, in find_element
    'value': value})['value']
  File "C:\Users\wltjd\Anaconda3\envs\crawling\lib\site-packages\selenium\webdriver\remote\webdriver.py", line 321, in execute
    self.error_handler.check_response(response)
  File "C:\Users\wltjd\Anaconda3\envs\crawling\lib\site-packages\selenium\webdriver\remote\errorhandler.py", line 242, in check_response
    raise exception_class(message, screen, stacktrace)
selenium.common.exceptions.NoSuchElementException: Message: no such element: Unable to locate element: {"method":"xpath","selector":"/html/body/div[2]/c-wiz/div[3]/div[1]/div/div/div/div[1]/div[1]/div[1]/div[2]/a[1]/div[1]/img"}
  (Session info: chrome=90.0.4430.212)

