[2021-05-20 08:01:55,324:INFO] scrap event start
[2021-05-20 08:01:55,556:INFO] scrap event (1/32)
[2021-05-20 08:01:56,945:INFO] scrap event (2/32)
[2021-05-20 08:01:57,149:INFO] scrap event (3/32)
[2021-05-20 08:01:57,258:INFO] start eventProduct
[2021-05-20 08:01:57,388:INFO] scrap eventProduct-1n1 (1/27)
[2021-05-20 08:01:58,142:INFO] scrap eventProduct-1n1 (2/27)
[2021-05-20 08:01:58,926:INFO] scrap eventProduct-1n1 (3/27)
[2021-05-20 08:01:59,730:INFO] scrap eventProduct-1n1 (4/27)
[2021-05-20 08:02:00,468:INFO] scrap eventProduct-1n1 (5/27)
[2021-05-20 08:02:01,275:INFO] scrap eventProduct-1n1 (6/27)
[2021-05-20 08:02:02,097:INFO] scrap eventProduct-1n1 (7/27)
[2021-05-20 08:02:02,871:INFO] scrap eventProduct-1n1 (8/27)
[2021-05-20 08:02:03,708:INFO] scrap eventProduct-1n1 (9/27)
[2021-05-20 08:02:04,524:INFO] scrap eventProduct-1n1 (10/27)
[2021-05-20 08:02:05,314:INFO] scrap eventProduct-1n1 (11/27)
[2021-05-20 08:02:06,132:INFO] scrap eventProduct-1n1 (12/27)
[2021-05-20 08:02:06,949:INFO] scrap eventProduct-1n1 (13/27)
[2021-05-20 08:02:07,798:INFO] scrap eventProduct-1n1 (14/27)
[2021-05-20 08:02:08,612:INFO] scrap eventProduct-1n1 (15/27)
[2021-05-20 08:02:09,399:INFO] scrap eventProduct-1n1 (16/27)
[2021-05-20 08:02:10,196:INFO] scrap eventProduct-1n1 (17/27)
[2021-05-20 08:02:11,017:INFO] scrap eventProduct-1n1 (18/27)
[2021-05-20 08:02:11,855:INFO] scrap eventProduct-1n1 (19/27)
[2021-05-20 08:02:12,623:INFO] scrap eventProduct-1n1 (20/27)
[2021-05-20 08:02:13,426:INFO] scrap eventProduct-1n1 (21/27)
[2021-05-20 08:02:14,222:INFO] scrap eventProduct-1n1 (22/27)
[2021-05-20 08:02:15,012:INFO] scrap eventProduct-1n1 (23/27)
[2021-05-20 08:02:15,833:INFO] scrap eventProduct-1n1 (24/27)
[2021-05-20 08:02:16,674:INFO] scrap eventProduct-1n1 (25/27)
[2021-05-20 08:02:17,508:INFO] scrap eventProduct-1n1 (26/27)
[2021-05-20 08:02:18,413:INFO] scrap eventProduct-1n1 (27/27)
[2021-05-20 08:02:19,271:INFO] scrap eventProduct-2n1 (1/61)
[2021-05-20 08:02:20,086:INFO] scrap eventProduct-2n1 (2/61)
[2021-05-20 08:02:20,922:INFO] scrap eventProduct-2n1 (3/61)
[2021-05-20 08:02:21,770:INFO] scrap eventProduct-2n1 (4/61)
[2021-05-20 08:02:22,586:INFO] scrap eventProduct-2n1 (5/61)
[2021-05-20 08:02:23,402:INFO] scrap eventProduct-2n1 (6/61)
[2021-05-20 08:02:24,215:INFO] scrap eventProduct-2n1 (7/61)
[2021-05-20 08:02:25,045:INFO] scrap eventProduct-2n1 (8/61)
[2021-05-20 08:02:25,861:INFO] scrap eventProduct-2n1 (9/61)
[2021-05-20 08:02:26,680:INFO] scrap eventProduct-2n1 (10/61)
[2021-05-20 08:02:27,514:INFO] scrap eventProduct-2n1 (11/61)
[2021-05-20 08:02:28,366:INFO] scrap eventProduct-2n1 (12/61)
[2021-05-20 08:02:29,167:INFO] scrap eventProduct-2n1 (13/61)
[2021-05-20 08:02:29,994:INFO] scrap eventProduct-2n1 (14/61)
[2021-05-20 08:02:30,810:INFO] scrap eventProduct-2n1 (15/61)
[2021-05-20 08:02:31,622:INFO] scrap eventProduct-2n1 (16/61)
[2021-05-20 08:02:32,422:INFO] scrap eventProduct-2n1 (17/61)
[2021-05-20 08:02:33,249:INFO] scrap eventProduct-2n1 (18/61)
[2021-05-20 08:02:34,067:INFO] scrap eventProduct-2n1 (19/61)
[2021-05-20 08:02:34,886:INFO] scrap eventProduct-2n1 (20/61)
[2021-05-20 08:02:35,734:INFO] scrap eventProduct-2n1 (21/61)
[2021-05-20 08:02:36,553:INFO] scrap eventProduct-2n1 (22/61)
[2021-05-20 08:02:37,404:INFO] scrap eventProduct-2n1 (23/61)
[2021-05-20 08:02:38,254:INFO] scrap eventProduct-2n1 (24/61)
[2021-05-20 08:02:39,118:INFO] scrap eventProduct-2n1 (25/61)
[2021-05-20 08:02:39,979:INFO] scrap eventProduct-2n1 (26/61)
[2021-05-20 08:02:40,794:INFO] scrap eventProduct-2n1 (27/61)
[2021-05-20 08:02:41,644:INFO] scrap eventProduct-2n1 (28/61)
[2021-05-20 08:02:42,427:INFO] scrap eventProduct-2n1 (29/61)
[2021-05-20 08:02:43,262:INFO] scrap eventProduct-2n1 (30/61)
[2021-05-20 08:02:44,108:INFO] scrap eventProduct-2n1 (31/61)
[2021-05-20 08:02:44,905:INFO] scrap eventProduct-2n1 (32/61)
[2021-05-20 08:02:45,708:INFO] scrap eventProduct-2n1 (33/61)
[2021-05-20 08:02:46,522:INFO] scrap eventProduct-2n1 (34/61)
[2021-05-20 08:02:47,311:INFO] scrap eventProduct-2n1 (35/61)
[2021-05-20 08:02:48,142:INFO] scrap eventProduct-2n1 (36/61)
[2021-05-20 08:02:48,947:INFO] scrap eventProduct-2n1 (37/61)
[2021-05-20 08:02:49,772:INFO] scrap eventProduct-2n1 (38/61)
[2021-05-20 08:02:50,589:INFO] scrap eventProduct-2n1 (39/61)
[2021-05-20 08:02:51,389:INFO] scrap eventProduct-2n1 (40/61)
[2021-05-20 08:02:52,209:INFO] scrap eventProduct-2n1 (41/61)
[2021-05-20 08:02:53,040:INFO] scrap eventProduct-2n1 (42/61)
[2021-05-20 08:02:53,827:INFO] scrap eventProduct-2n1 (43/61)
[2021-05-20 08:02:54,647:INFO] scrap eventProduct-2n1 (44/61)
[2021-05-20 08:02:55,447:INFO] scrap eventProduct-2n1 (45/61)
[2021-05-20 08:02:56,295:INFO] scrap eventProduct-2n1 (46/61)
[2021-05-20 08:02:57,103:INFO] scrap eventProduct-2n1 (47/61)
[2021-05-20 08:02:57,937:INFO] scrap eventProduct-2n1 (48/61)
[2021-05-20 08:02:58,748:INFO] scrap eventProduct-2n1 (49/61)
[2021-05-20 08:02:59,547:INFO] scrap eventProduct-2n1 (50/61)
[2021-05-20 08:03:00,320:INFO] scrap eventProduct-2n1 (51/61)
[2021-05-20 08:03:01,143:INFO] scrap eventProduct-2n1 (52/61)
[2021-05-20 08:03:01,966:INFO] scrap eventProduct-2n1 (53/61)
[2021-05-20 08:03:02,793:INFO] scrap eventProduct-2n1 (54/61)
[2021-05-20 08:03:03,609:INFO] scrap eventProduct-2n1 (55/61)
[2021-05-20 08:03:04,428:INFO] scrap eventProduct-2n1 (56/61)
[2021-05-20 08:03:05,241:INFO] scrap eventProduct-2n1 (57/61)
[2021-05-20 08:03:06,055:INFO] scrap eventProduct-2n1 (58/61)
[2021-05-20 08:03:06,865:INFO] scrap eventProduct-2n1 (59/61)
[2021-05-20 08:03:07,717:INFO] scrap eventProduct-2n1 (60/61)
[2021-05-20 08:03:08,521:INFO] scrap eventProduct-2n1 (61/61)
[2021-05-20 08:03:09,215:INFO] scrap eventProduct-3n1 (1/1)
[2021-05-20 08:03:09,988:INFO] scrap eventProduct-SALE (1/10)
[2021-05-20 08:03:10,808:INFO] scrap eventProduct-SALE (2/10)
[2021-05-20 08:03:11,607:INFO] scrap eventProduct-SALE (3/10)
[2021-05-20 08:03:12,426:INFO] scrap eventProduct-SALE (4/10)
[2021-05-20 08:03:13,224:INFO] scrap eventProduct-SALE (5/10)
[2021-05-20 08:03:14,007:INFO] scrap eventProduct-SALE (6/10)
[2021-05-20 08:03:14,838:INFO] scrap eventProduct-SALE (7/10)
[2021-05-20 08:03:15,638:INFO] scrap eventProduct-SALE (8/10)
[2021-05-20 08:03:16,458:INFO] scrap eventProduct-SALE (9/10)
[2021-05-20 08:03:17,269:INFO] scrap eventProduct-SALE (10/10)
[2021-05-20 08:03:17,606:INFO] scrap eventProduct-X2 (1/2)
[2021-05-20 08:03:18,394:INFO] scrap eventProduct-X2 (2/2)
[2021-05-20 08:03:18,578:INFO] start rankingView
[2021-05-20 08:03:18,612:INFO] scrap rankingView (1 / 3)
[2021-05-20 08:04:26,704:INFO] scrap rankingView (2 / 3)
[2021-05-20 08:05:54,235:ERROR] 처리되지 않은 에러 발생
Traceback (most recent call last):
  File "main_crawling.py", line 337, in scrap_all
    scrap_rankingView()
  File "main_crawling.py", line 154, in scrap_rankingView
    img = search_product(result[index][1])
  File "main_crawling.py", line 89, in search_product
    image = browser.find_element_by_xpath('/html/body/div[2]/c-wiz/div[3]/div[1]/div/div/div/div/div[1]/div[1]/div[4]/a[1]/div[1]/img')
  File "C:\Users\wltjd\Anaconda3\envs\crawling\lib\site-packages\selenium\webdriver\remote\webdriver.py", line 394, in find_element_by_xpath
    return self.find_element(by=By.XPATH, value=xpath)
  File "C:\Users\wltjd\Anaconda3\envs\crawling\lib\site-packages\selenium\webdriver\remote\webdriver.py", line 978, in find_element
    'value': value})['value']
  File "C:\Users\wltjd\Anaconda3\envs\crawling\lib\site-packages\selenium\webdriver\remote\webdriver.py", line 321, in execute
    self.error_handler.check_response(response)
  File "C:\Users\wltjd\Anaconda3\envs\crawling\lib\site-packages\selenium\webdriver\remote\errorhandler.py", line 242, in check_response
    raise exception_class(message, screen, stacktrace)
selenium.common.exceptions.NoSuchElementException: Message: no such element: Unable to locate element: {"method":"xpath","selector":"/html/body/div[2]/c-wiz/div[3]/div[1]/div/div/div/div/div[1]/div[1]/div[4]/a[1]/div[1]/img"}
  (Session info: chrome=90.0.4430.212)

