[2021-05-20 07:53:51,616:INFO] scrap event start
[2021-05-20 07:53:51,854:INFO] scrap event (1/32)
[2021-05-20 07:53:53,210:INFO] scrap event (2/32)
[2021-05-20 07:53:53,437:INFO] scrap event (3/32)
[2021-05-20 07:53:53,564:INFO] start eventProduct
[2021-05-20 07:53:53,684:INFO] scrap eventProduct-1n1 (1/27)
[2021-05-20 07:53:54,503:INFO] scrap eventProduct-1n1 (2/27)
[2021-05-20 07:53:55,328:INFO] scrap eventProduct-1n1 (3/27)
[2021-05-20 07:53:56,145:INFO] scrap eventProduct-1n1 (4/27)
[2021-05-20 07:53:56,968:INFO] scrap eventProduct-1n1 (5/27)
[2021-05-20 07:53:57,808:INFO] scrap eventProduct-1n1 (6/27)
[2021-05-20 07:53:58,638:INFO] scrap eventProduct-1n1 (7/27)
[2021-05-20 07:53:59,416:INFO] scrap eventProduct-1n1 (8/27)
[2021-05-20 07:54:00,209:INFO] scrap eventProduct-1n1 (9/27)
[2021-05-20 07:54:01,005:INFO] scrap eventProduct-1n1 (10/27)
[2021-05-20 07:54:01,833:INFO] scrap eventProduct-1n1 (11/27)
[2021-05-20 07:54:02,649:INFO] scrap eventProduct-1n1 (12/27)
[2021-05-20 07:54:03,471:INFO] scrap eventProduct-1n1 (13/27)
[2021-05-20 07:54:04,279:INFO] scrap eventProduct-1n1 (14/27)
[2021-05-20 07:54:05,114:INFO] scrap eventProduct-1n1 (15/27)
[2021-05-20 07:54:05,928:INFO] scrap eventProduct-1n1 (16/27)
[2021-05-20 07:54:06,731:INFO] scrap eventProduct-1n1 (17/27)
[2021-05-20 07:54:07,526:INFO] scrap eventProduct-1n1 (18/27)
[2021-05-20 07:54:08,323:INFO] scrap eventProduct-1n1 (19/27)
[2021-05-20 07:54:09,140:INFO] scrap eventProduct-1n1 (20/27)
[2021-05-20 07:54:09,928:INFO] scrap eventProduct-1n1 (21/27)
[2021-05-20 07:54:10,693:INFO] scrap eventProduct-1n1 (22/27)
[2021-05-20 07:54:11,524:INFO] scrap eventProduct-1n1 (23/27)
[2021-05-20 07:54:12,325:INFO] scrap eventProduct-1n1 (24/27)
[2021-05-20 07:54:13,129:INFO] scrap eventProduct-1n1 (25/27)
[2021-05-20 07:54:13,946:INFO] scrap eventProduct-1n1 (26/27)
[2021-05-20 07:54:14,761:INFO] scrap eventProduct-1n1 (27/27)
[2021-05-20 07:54:15,587:INFO] scrap eventProduct-2n1 (1/61)
[2021-05-20 07:54:16,401:INFO] scrap eventProduct-2n1 (2/61)
[2021-05-20 07:54:17,205:INFO] scrap eventProduct-2n1 (3/61)
[2021-05-20 07:54:18,060:INFO] scrap eventProduct-2n1 (4/61)
[2021-05-20 07:54:18,891:INFO] scrap eventProduct-2n1 (5/61)
[2021-05-20 07:54:19,755:INFO] scrap eventProduct-2n1 (6/61)
[2021-05-20 07:54:20,540:INFO] scrap eventProduct-2n1 (7/61)
[2021-05-20 07:54:21,340:INFO] scrap eventProduct-2n1 (8/61)
[2021-05-20 07:54:22,151:INFO] scrap eventProduct-2n1 (9/61)
[2021-05-20 07:54:22,961:INFO] scrap eventProduct-2n1 (10/61)
[2021-05-20 07:54:23,686:INFO] scrap eventProduct-2n1 (11/61)
[2021-05-20 07:54:24,474:INFO] scrap eventProduct-2n1 (12/61)
[2021-05-20 07:54:25,326:INFO] scrap eventProduct-2n1 (13/61)
[2021-05-20 07:54:26,191:INFO] scrap eventProduct-2n1 (14/61)
[2021-05-20 07:54:26,989:INFO] scrap eventProduct-2n1 (15/61)
[2021-05-20 07:54:27,824:INFO] scrap eventProduct-2n1 (16/61)
[2021-05-20 07:54:28,659:INFO] scrap eventProduct-2n1 (17/61)
[2021-05-20 07:54:29,522:INFO] scrap eventProduct-2n1 (18/61)
[2021-05-20 07:54:30,334:INFO] scrap eventProduct-2n1 (19/61)
[2021-05-20 07:54:31,209:INFO] scrap eventProduct-2n1 (20/61)
[2021-05-20 07:54:32,027:INFO] scrap eventProduct-2n1 (21/61)
[2021-05-20 07:54:32,880:INFO] scrap eventProduct-2n1 (22/61)
[2021-05-20 07:54:33,714:INFO] scrap eventProduct-2n1 (23/61)
[2021-05-20 07:54:34,561:INFO] scrap eventProduct-2n1 (24/61)
[2021-05-20 07:54:35,394:INFO] scrap eventProduct-2n1 (25/61)
[2021-05-20 07:54:36,231:INFO] scrap eventProduct-2n1 (26/61)
[2021-05-20 07:54:37,072:INFO] scrap eventProduct-2n1 (27/61)
[2021-05-20 07:54:37,916:INFO] scrap eventProduct-2n1 (28/61)
[2021-05-20 07:54:38,752:INFO] scrap eventProduct-2n1 (29/61)
[2021-05-20 07:54:39,601:INFO] scrap eventProduct-2n1 (30/61)
[2021-05-20 07:54:40,419:INFO] scrap eventProduct-2n1 (31/61)
[2021-05-20 07:54:41,252:INFO] scrap eventProduct-2n1 (32/61)
[2021-05-20 07:54:42,130:INFO] scrap eventProduct-2n1 (33/61)
[2021-05-20 07:54:42,962:INFO] scrap eventProduct-2n1 (34/61)
[2021-05-20 07:54:43,786:INFO] scrap eventProduct-2n1 (35/61)
[2021-05-20 07:54:44,606:INFO] scrap eventProduct-2n1 (36/61)
[2021-05-20 07:54:45,451:INFO] scrap eventProduct-2n1 (37/61)
[2021-05-20 07:54:46,296:INFO] scrap eventProduct-2n1 (38/61)
[2021-05-20 07:54:47,126:INFO] scrap eventProduct-2n1 (39/61)
[2021-05-20 07:54:47,975:INFO] scrap eventProduct-2n1 (40/61)
[2021-05-20 07:54:48,771:INFO] scrap eventProduct-2n1 (41/61)
[2021-05-20 07:54:49,597:INFO] scrap eventProduct-2n1 (42/61)
[2021-05-20 07:54:50,413:INFO] scrap eventProduct-2n1 (43/61)
[2021-05-20 07:54:51,243:INFO] scrap eventProduct-2n1 (44/61)
[2021-05-20 07:54:52,108:INFO] scrap eventProduct-2n1 (45/61)
[2021-05-20 07:54:52,923:INFO] scrap eventProduct-2n1 (46/61)
[2021-05-20 07:54:53,724:INFO] scrap eventProduct-2n1 (47/61)
[2021-05-20 07:54:54,515:INFO] scrap eventProduct-2n1 (48/61)
[2021-05-20 07:54:55,361:INFO] scrap eventProduct-2n1 (49/61)
[2021-05-20 07:54:56,194:INFO] scrap eventProduct-2n1 (50/61)
[2021-05-20 07:54:57,008:INFO] scrap eventProduct-2n1 (51/61)
[2021-05-20 07:54:57,858:INFO] scrap eventProduct-2n1 (52/61)
[2021-05-20 07:54:58,691:INFO] scrap eventProduct-2n1 (53/61)
[2021-05-20 07:54:59,504:INFO] scrap eventProduct-2n1 (54/61)
[2021-05-20 07:55:00,338:INFO] scrap eventProduct-2n1 (55/61)
[2021-05-20 07:55:01,171:INFO] scrap eventProduct-2n1 (56/61)
[2021-05-20 07:55:02,046:INFO] scrap eventProduct-2n1 (57/61)
[2021-05-20 07:55:02,894:INFO] scrap eventProduct-2n1 (58/61)
[2021-05-20 07:55:03,772:INFO] scrap eventProduct-2n1 (59/61)
[2021-05-20 07:55:04,622:INFO] scrap eventProduct-2n1 (60/61)
[2021-05-20 07:55:05,460:INFO] scrap eventProduct-2n1 (61/61)
[2021-05-20 07:55:06,171:INFO] scrap eventProduct-3n1 (1/1)
[2021-05-20 07:55:06,933:INFO] scrap eventProduct-SALE (1/10)
[2021-05-20 07:55:07,708:INFO] scrap eventProduct-SALE (2/10)
[2021-05-20 07:55:08,511:INFO] scrap eventProduct-SALE (3/10)
[2021-05-20 07:55:09,338:INFO] scrap eventProduct-SALE (4/10)
[2021-05-20 07:55:10,184:INFO] scrap eventProduct-SALE (5/10)
[2021-05-20 07:55:10,987:INFO] scrap eventProduct-SALE (6/10)
[2021-05-20 07:55:12,791:INFO] scrap eventProduct-SALE (7/10)
[2021-05-20 07:55:13,555:INFO] scrap eventProduct-SALE (8/10)
[2021-05-20 07:55:14,368:INFO] scrap eventProduct-SALE (9/10)
[2021-05-20 07:55:15,186:INFO] scrap eventProduct-SALE (10/10)
[2021-05-20 07:55:15,516:INFO] scrap eventProduct-X2 (1/2)
[2021-05-20 07:55:16,319:INFO] scrap eventProduct-X2 (2/2)
[2021-05-20 07:55:16,511:INFO] start rankingView
[2021-05-20 07:55:16,541:INFO] scrap rankingView (1 / 3)
[2021-05-20 07:56:26,210:INFO] scrap rankingView (2 / 3)
[2021-05-20 07:58:10,016:ERROR] 처리되지 않은 에러 발생
Traceback (most recent call last):
  File "main_crawling.py", line 337, in scrap_all
    scrap_rankingView()
  File "main_crawling.py", line 154, in scrap_rankingView
    img = search_product(result[index][1])
  File "main_crawling.py", line 89, in search_product
    image = browser.find_element_by_xpath('/html/body/div[2]/c-wiz/div[3]/div[1]/div/div/div/div/div[1]/div[1]/div[2]/a[1]/div[1]/img')
  File "C:\Users\wltjd\Anaconda3\envs\crawling\lib\site-packages\selenium\webdriver\remote\webdriver.py", line 394, in find_element_by_xpath
    return self.find_element(by=By.XPATH, value=xpath)
  File "C:\Users\wltjd\Anaconda3\envs\crawling\lib\site-packages\selenium\webdriver\remote\webdriver.py", line 978, in find_element
    'value': value})['value']
  File "C:\Users\wltjd\Anaconda3\envs\crawling\lib\site-packages\selenium\webdriver\remote\webdriver.py", line 321, in execute
    self.error_handler.check_response(response)
  File "C:\Users\wltjd\Anaconda3\envs\crawling\lib\site-packages\selenium\webdriver\remote\errorhandler.py", line 242, in check_response
    raise exception_class(message, screen, stacktrace)
selenium.common.exceptions.NoSuchElementException: Message: no such element: Unable to locate element: {"method":"xpath","selector":"/html/body/div[2]/c-wiz/div[3]/div[1]/div/div/div/div/div[1]/div[1]/div[2]/a[1]/div[1]/img"}
  (Session info: chrome=90.0.4430.212)

