[2021-05-20 07:45:12,239:INFO] scrap event start
[2021-05-20 07:45:12,496:INFO] scrap event (1/32)
[2021-05-20 07:45:13,776:INFO] scrap event (2/32)
[2021-05-20 07:45:14,000:INFO] scrap event (3/32)
[2021-05-20 07:45:14,115:INFO] start eventProduct
[2021-05-20 07:45:14,247:INFO] scrap eventProduct-1n1 (1/27)
[2021-05-20 07:45:15,104:INFO] scrap eventProduct-1n1 (2/27)
[2021-05-20 07:45:15,950:INFO] scrap eventProduct-1n1 (3/27)
[2021-05-20 07:45:16,779:INFO] scrap eventProduct-1n1 (4/27)
[2021-05-20 07:45:17,598:INFO] scrap eventProduct-1n1 (5/27)
[2021-05-20 07:45:18,436:INFO] scrap eventProduct-1n1 (6/27)
[2021-05-20 07:45:19,249:INFO] scrap eventProduct-1n1 (7/27)
[2021-05-20 07:45:20,080:INFO] scrap eventProduct-1n1 (8/27)
[2021-05-20 07:45:20,896:INFO] scrap eventProduct-1n1 (9/27)
[2021-05-20 07:45:21,680:INFO] scrap eventProduct-1n1 (10/27)
[2021-05-20 07:45:22,432:INFO] scrap eventProduct-1n1 (11/27)
[2021-05-20 07:45:23,240:INFO] scrap eventProduct-1n1 (12/27)
[2021-05-20 07:45:24,073:INFO] scrap eventProduct-1n1 (13/27)
[2021-05-20 07:45:24,890:INFO] scrap eventProduct-1n1 (14/27)
[2021-05-20 07:45:25,709:INFO] scrap eventProduct-1n1 (15/27)
[2021-05-20 07:45:26,550:INFO] scrap eventProduct-1n1 (16/27)
[2021-05-20 07:45:27,382:INFO] scrap eventProduct-1n1 (17/27)
[2021-05-20 07:45:28,180:INFO] scrap eventProduct-1n1 (18/27)
[2021-05-20 07:45:28,982:INFO] scrap eventProduct-1n1 (19/27)
[2021-05-20 07:45:29,796:INFO] scrap eventProduct-1n1 (20/27)
[2021-05-20 07:45:30,590:INFO] scrap eventProduct-1n1 (21/27)
[2021-05-20 07:45:31,403:INFO] scrap eventProduct-1n1 (22/27)
[2021-05-20 07:45:32,222:INFO] scrap eventProduct-1n1 (23/27)
[2021-05-20 07:45:33,024:INFO] scrap eventProduct-1n1 (24/27)
[2021-05-20 07:45:33,827:INFO] scrap eventProduct-1n1 (25/27)
[2021-05-20 07:45:34,645:INFO] scrap eventProduct-1n1 (26/27)
[2021-05-20 07:45:35,468:INFO] scrap eventProduct-1n1 (27/27)
[2021-05-20 07:45:36,280:INFO] scrap eventProduct-2n1 (1/61)
[2021-05-20 07:45:37,067:INFO] scrap eventProduct-2n1 (2/61)
[2021-05-20 07:45:37,887:INFO] scrap eventProduct-2n1 (3/61)
[2021-05-20 07:45:38,704:INFO] scrap eventProduct-2n1 (4/61)
[2021-05-20 07:45:39,535:INFO] scrap eventProduct-2n1 (5/61)
[2021-05-20 07:45:40,412:INFO] scrap eventProduct-2n1 (6/61)
[2021-05-20 07:45:41,232:INFO] scrap eventProduct-2n1 (7/61)
[2021-05-20 07:45:42,047:INFO] scrap eventProduct-2n1 (8/61)
[2021-05-20 07:45:42,880:INFO] scrap eventProduct-2n1 (9/61)
[2021-05-20 07:45:43,710:INFO] scrap eventProduct-2n1 (10/61)
[2021-05-20 07:45:44,542:INFO] scrap eventProduct-2n1 (11/61)
[2021-05-20 07:45:45,392:INFO] scrap eventProduct-2n1 (12/61)
[2021-05-20 07:45:46,206:INFO] scrap eventProduct-2n1 (13/61)
[2021-05-20 07:45:47,032:INFO] scrap eventProduct-2n1 (14/61)
[2021-05-20 07:45:47,851:INFO] scrap eventProduct-2n1 (15/61)
[2021-05-20 07:45:48,695:INFO] scrap eventProduct-2n1 (16/61)
[2021-05-20 07:45:49,519:INFO] scrap eventProduct-2n1 (17/61)
[2021-05-20 07:45:50,363:INFO] scrap eventProduct-2n1 (18/61)
[2021-05-20 07:45:51,179:INFO] scrap eventProduct-2n1 (19/61)
[2021-05-20 07:45:51,950:INFO] scrap eventProduct-2n1 (20/61)
[2021-05-20 07:45:52,767:INFO] scrap eventProduct-2n1 (21/61)
[2021-05-20 07:45:53,608:INFO] scrap eventProduct-2n1 (22/61)
[2021-05-20 07:45:54,427:INFO] scrap eventProduct-2n1 (23/61)
[2021-05-20 07:45:55,198:INFO] scrap eventProduct-2n1 (24/61)
[2021-05-20 07:45:56,029:INFO] scrap eventProduct-2n1 (25/61)
[2021-05-20 07:45:56,849:INFO] scrap eventProduct-2n1 (26/61)
[2021-05-20 07:45:57,680:INFO] scrap eventProduct-2n1 (27/61)
[2021-05-20 07:45:58,485:INFO] scrap eventProduct-2n1 (28/61)
[2021-05-20 07:45:59,297:INFO] scrap eventProduct-2n1 (29/61)
[2021-05-20 07:46:00,125:INFO] scrap eventProduct-2n1 (30/61)
[2021-05-20 07:46:00,963:INFO] scrap eventProduct-2n1 (31/61)
[2021-05-20 07:46:01,761:INFO] scrap eventProduct-2n1 (32/61)
[2021-05-20 07:46:02,608:INFO] scrap eventProduct-2n1 (33/61)
[2021-05-20 07:46:03,403:INFO] scrap eventProduct-2n1 (34/61)
[2021-05-20 07:46:04,224:INFO] scrap eventProduct-2n1 (35/61)
[2021-05-20 07:46:05,071:INFO] scrap eventProduct-2n1 (36/61)
[2021-05-20 07:46:05,880:INFO] scrap eventProduct-2n1 (37/61)
[2021-05-20 07:46:06,720:INFO] scrap eventProduct-2n1 (38/61)
[2021-05-20 07:46:07,537:INFO] scrap eventProduct-2n1 (39/61)
[2021-05-20 07:46:08,341:INFO] scrap eventProduct-2n1 (40/61)
[2021-05-20 07:46:09,158:INFO] scrap eventProduct-2n1 (41/61)
[2021-05-20 07:46:09,957:INFO] scrap eventProduct-2n1 (42/61)
[2021-05-20 07:46:10,779:INFO] scrap eventProduct-2n1 (43/61)
[2021-05-20 07:46:11,626:INFO] scrap eventProduct-2n1 (44/61)
[2021-05-20 07:46:12,429:INFO] scrap eventProduct-2n1 (45/61)
[2021-05-20 07:46:13,256:INFO] scrap eventProduct-2n1 (46/61)
[2021-05-20 07:46:14,086:INFO] scrap eventProduct-2n1 (47/61)
[2021-05-20 07:46:14,917:INFO] scrap eventProduct-2n1 (48/61)
[2021-05-20 07:46:15,719:INFO] scrap eventProduct-2n1 (49/61)
[2021-05-20 07:46:16,555:INFO] scrap eventProduct-2n1 (50/61)
[2021-05-20 07:46:17,350:INFO] scrap eventProduct-2n1 (51/61)
[2021-05-20 07:46:18,205:INFO] scrap eventProduct-2n1 (52/61)
[2021-05-20 07:46:19,008:INFO] scrap eventProduct-2n1 (53/61)
[2021-05-20 07:46:19,825:INFO] scrap eventProduct-2n1 (54/61)
[2021-05-20 07:46:20,658:INFO] scrap eventProduct-2n1 (55/61)
[2021-05-20 07:46:21,475:INFO] scrap eventProduct-2n1 (56/61)
[2021-05-20 07:46:22,296:INFO] scrap eventProduct-2n1 (57/61)
[2021-05-20 07:46:23,158:INFO] scrap eventProduct-2n1 (58/61)
[2021-05-20 07:46:23,988:INFO] scrap eventProduct-2n1 (59/61)
[2021-05-20 07:46:24,821:INFO] scrap eventProduct-2n1 (60/61)
[2021-05-20 07:46:25,635:INFO] scrap eventProduct-2n1 (61/61)
[2021-05-20 07:46:26,324:INFO] scrap eventProduct-3n1 (1/1)
[2021-05-20 07:46:27,066:INFO] scrap eventProduct-SALE (1/10)
[2021-05-20 07:46:27,855:INFO] scrap eventProduct-SALE (2/10)
[2021-05-20 07:46:28,646:INFO] scrap eventProduct-SALE (3/10)
[2021-05-20 07:46:29,451:INFO] scrap eventProduct-SALE (4/10)
[2021-05-20 07:46:30,278:INFO] scrap eventProduct-SALE (5/10)
[2021-05-20 07:46:31,109:INFO] scrap eventProduct-SALE (6/10)
[2021-05-20 07:46:31,956:INFO] scrap eventProduct-SALE (7/10)
[2021-05-20 07:46:32,780:INFO] scrap eventProduct-SALE (8/10)
[2021-05-20 07:46:33,948:INFO] scrap eventProduct-SALE (9/10)
[2021-05-20 07:46:34,731:INFO] scrap eventProduct-SALE (10/10)
[2021-05-20 07:46:35,037:INFO] scrap eventProduct-X2 (1/2)
[2021-05-20 07:46:35,811:INFO] scrap eventProduct-X2 (2/2)
[2021-05-20 07:46:36,010:INFO] start rankingView
[2021-05-20 07:46:36,031:INFO] scrap rankingView (1 / 3)
[2021-05-20 07:47:50,519:ERROR] 처리되지 않은 에러 발생
Traceback (most recent call last):
  File "main_crawling.py", line 337, in scrap_all
    scrap_rankingView()
  File "main_crawling.py", line 146, in scrap_rankingView
    img = search_product(result[index][1])
  File "main_crawling.py", line 89, in search_product
    image = browser.find_element_by_xpath('/html/body/div[2]/c-wiz/div[3]/div[1]/div/div/div/div/div[1]/div[1]/div[2]/a[1]/div[1]/img')
  File "C:\Users\wltjd\Anaconda3\envs\crawling\lib\site-packages\selenium\webdriver\remote\webdriver.py", line 394, in find_element_by_xpath
    return self.find_element(by=By.XPATH, value=xpath)
  File "C:\Users\wltjd\Anaconda3\envs\crawling\lib\site-packages\selenium\webdriver\remote\webdriver.py", line 978, in find_element
    'value': value})['value']
  File "C:\Users\wltjd\Anaconda3\envs\crawling\lib\site-packages\selenium\webdriver\remote\webdriver.py", line 321, in execute
    self.error_handler.check_response(response)
  File "C:\Users\wltjd\Anaconda3\envs\crawling\lib\site-packages\selenium\webdriver\remote\errorhandler.py", line 242, in check_response
    raise exception_class(message, screen, stacktrace)
selenium.common.exceptions.NoSuchElementException: Message: no such element: Unable to locate element: {"method":"xpath","selector":"/html/body/div[2]/c-wiz/div[3]/div[1]/div/div/div/div/div[1]/div[1]/div[2]/a[1]/div[1]/img"}
  (Session info: chrome=90.0.4430.212)

