[2021-05-20 07:58:32,388:INFO] scrap event start
[2021-05-20 07:58:32,651:INFO] scrap event (1/32)
[2021-05-20 07:58:34,015:INFO] scrap event (2/32)
[2021-05-20 07:58:34,249:INFO] scrap event (3/32)
[2021-05-20 07:58:34,361:INFO] start eventProduct
[2021-05-20 07:58:34,477:INFO] scrap eventProduct-1n1 (1/27)
[2021-05-20 07:58:35,281:INFO] scrap eventProduct-1n1 (2/27)
[2021-05-20 07:58:36,112:INFO] scrap eventProduct-1n1 (3/27)
[2021-05-20 07:58:36,927:INFO] scrap eventProduct-1n1 (4/27)
[2021-05-20 07:58:37,743:INFO] scrap eventProduct-1n1 (5/27)
[2021-05-20 07:58:38,572:INFO] scrap eventProduct-1n1 (6/27)
[2021-05-20 07:58:39,395:INFO] scrap eventProduct-1n1 (7/27)
[2021-05-20 07:58:40,219:INFO] scrap eventProduct-1n1 (8/27)
[2021-05-20 07:58:41,048:INFO] scrap eventProduct-1n1 (9/27)
[2021-05-20 07:58:41,864:INFO] scrap eventProduct-1n1 (10/27)
[2021-05-20 07:58:42,665:INFO] scrap eventProduct-1n1 (11/27)
[2021-05-20 07:58:43,510:INFO] scrap eventProduct-1n1 (12/27)
[2021-05-20 07:58:44,329:INFO] scrap eventProduct-1n1 (13/27)
[2021-05-20 07:58:45,138:INFO] scrap eventProduct-1n1 (14/27)
[2021-05-20 07:58:45,946:INFO] scrap eventProduct-1n1 (15/27)
[2021-05-20 07:58:46,837:INFO] scrap eventProduct-1n1 (16/27)
[2021-05-20 07:58:47,622:INFO] scrap eventProduct-1n1 (17/27)
[2021-05-20 07:58:48,436:INFO] scrap eventProduct-1n1 (18/27)
[2021-05-20 07:58:49,246:INFO] scrap eventProduct-1n1 (19/27)
[2021-05-20 07:58:50,070:INFO] scrap eventProduct-1n1 (20/27)
[2021-05-20 07:58:50,875:INFO] scrap eventProduct-1n1 (21/27)
[2021-05-20 07:58:51,678:INFO] scrap eventProduct-1n1 (22/27)
[2021-05-20 07:58:52,478:INFO] scrap eventProduct-1n1 (23/27)
[2021-05-20 07:58:53,290:INFO] scrap eventProduct-1n1 (24/27)
[2021-05-20 07:58:54,110:INFO] scrap eventProduct-1n1 (25/27)
[2021-05-20 07:58:54,905:INFO] scrap eventProduct-1n1 (26/27)
[2021-05-20 07:58:55,724:INFO] scrap eventProduct-1n1 (27/27)
[2021-05-20 07:58:56,563:INFO] scrap eventProduct-2n1 (1/61)
[2021-05-20 07:58:57,399:INFO] scrap eventProduct-2n1 (2/61)
[2021-05-20 07:58:58,247:INFO] scrap eventProduct-2n1 (3/61)
[2021-05-20 07:58:59,096:INFO] scrap eventProduct-2n1 (4/61)
[2021-05-20 07:58:59,927:INFO] scrap eventProduct-2n1 (5/61)
[2021-05-20 07:59:00,651:INFO] scrap eventProduct-2n1 (6/61)
[2021-05-20 07:59:01,685:INFO] scrap eventProduct-2n1 (7/61)
[2021-05-20 07:59:02,506:INFO] scrap eventProduct-2n1 (8/61)
[2021-05-20 07:59:03,340:INFO] scrap eventProduct-2n1 (9/61)
[2021-05-20 07:59:04,153:INFO] scrap eventProduct-2n1 (10/61)
[2021-05-20 07:59:04,972:INFO] scrap eventProduct-2n1 (11/61)
[2021-05-20 07:59:05,830:INFO] scrap eventProduct-2n1 (12/61)
[2021-05-20 07:59:06,645:INFO] scrap eventProduct-2n1 (13/61)
[2021-05-20 07:59:07,491:INFO] scrap eventProduct-2n1 (14/61)
[2021-05-20 07:59:08,349:INFO] scrap eventProduct-2n1 (15/61)
[2021-05-20 07:59:09,169:INFO] scrap eventProduct-2n1 (16/61)
[2021-05-20 07:59:09,992:INFO] scrap eventProduct-2n1 (17/61)
[2021-05-20 07:59:10,825:INFO] scrap eventProduct-2n1 (18/61)
[2021-05-20 07:59:11,622:INFO] scrap eventProduct-2n1 (19/61)
[2021-05-20 07:59:12,434:INFO] scrap eventProduct-2n1 (20/61)
[2021-05-20 07:59:13,252:INFO] scrap eventProduct-2n1 (21/61)
[2021-05-20 07:59:14,147:INFO] scrap eventProduct-2n1 (22/61)
[2021-05-20 07:59:14,977:INFO] scrap eventProduct-2n1 (23/61)
[2021-05-20 07:59:15,806:INFO] scrap eventProduct-2n1 (24/61)
[2021-05-20 07:59:16,647:INFO] scrap eventProduct-2n1 (25/61)
[2021-05-20 07:59:17,480:INFO] scrap eventProduct-2n1 (26/61)
[2021-05-20 07:59:18,281:INFO] scrap eventProduct-2n1 (27/61)
[2021-05-20 07:59:19,098:INFO] scrap eventProduct-2n1 (28/61)
[2021-05-20 07:59:19,931:INFO] scrap eventProduct-2n1 (29/61)
[2021-05-20 07:59:20,745:INFO] scrap eventProduct-2n1 (30/61)
[2021-05-20 07:59:21,607:INFO] scrap eventProduct-2n1 (31/61)
[2021-05-20 07:59:22,407:INFO] scrap eventProduct-2n1 (32/61)
[2021-05-20 07:59:23,255:INFO] scrap eventProduct-2n1 (33/61)
[2021-05-20 07:59:24,086:INFO] scrap eventProduct-2n1 (34/61)
[2021-05-20 07:59:24,926:INFO] scrap eventProduct-2n1 (35/61)
[2021-05-20 07:59:25,774:INFO] scrap eventProduct-2n1 (36/61)
[2021-05-20 07:59:26,619:INFO] scrap eventProduct-2n1 (37/61)
[2021-05-20 07:59:27,435:INFO] scrap eventProduct-2n1 (38/61)
[2021-05-20 07:59:28,278:INFO] scrap eventProduct-2n1 (39/61)
[2021-05-20 07:59:29,085:INFO] scrap eventProduct-2n1 (40/61)
[2021-05-20 07:59:29,918:INFO] scrap eventProduct-2n1 (41/61)
[2021-05-20 07:59:30,783:INFO] scrap eventProduct-2n1 (42/61)
[2021-05-20 07:59:31,586:INFO] scrap eventProduct-2n1 (43/61)
[2021-05-20 07:59:32,397:INFO] scrap eventProduct-2n1 (44/61)
[2021-05-20 07:59:33,150:INFO] scrap eventProduct-2n1 (45/61)
[2021-05-20 07:59:33,942:INFO] scrap eventProduct-2n1 (46/61)
[2021-05-20 07:59:34,787:INFO] scrap eventProduct-2n1 (47/61)
[2021-05-20 07:59:35,618:INFO] scrap eventProduct-2n1 (48/61)
[2021-05-20 07:59:36,415:INFO] scrap eventProduct-2n1 (49/61)
[2021-05-20 07:59:37,203:INFO] scrap eventProduct-2n1 (50/61)
[2021-05-20 07:59:38,113:INFO] scrap eventProduct-2n1 (51/61)
[2021-05-20 07:59:38,910:INFO] scrap eventProduct-2n1 (52/61)
[2021-05-20 07:59:39,744:INFO] scrap eventProduct-2n1 (53/61)
[2021-05-20 07:59:40,581:INFO] scrap eventProduct-2n1 (54/61)
[2021-05-20 07:59:41,400:INFO] scrap eventProduct-2n1 (55/61)
[2021-05-20 07:59:42,226:INFO] scrap eventProduct-2n1 (56/61)
[2021-05-20 07:59:43,084:INFO] scrap eventProduct-2n1 (57/61)
[2021-05-20 07:59:43,899:INFO] scrap eventProduct-2n1 (58/61)
[2021-05-20 07:59:44,699:INFO] scrap eventProduct-2n1 (59/61)
[2021-05-20 07:59:45,578:INFO] scrap eventProduct-2n1 (60/61)
[2021-05-20 07:59:46,396:INFO] scrap eventProduct-2n1 (61/61)
[2021-05-20 07:59:47,109:INFO] scrap eventProduct-3n1 (1/1)
[2021-05-20 07:59:47,851:INFO] scrap eventProduct-SALE (1/10)
[2021-05-20 07:59:48,662:INFO] scrap eventProduct-SALE (2/10)
[2021-05-20 07:59:49,466:INFO] scrap eventProduct-SALE (3/10)
[2021-05-20 07:59:50,278:INFO] scrap eventProduct-SALE (4/10)
[2021-05-20 07:59:51,115:INFO] scrap eventProduct-SALE (5/10)
[2021-05-20 07:59:51,913:INFO] scrap eventProduct-SALE (6/10)
[2021-05-20 07:59:52,714:INFO] scrap eventProduct-SALE (7/10)
[2021-05-20 07:59:53,510:INFO] scrap eventProduct-SALE (8/10)
[2021-05-20 07:59:54,330:INFO] scrap eventProduct-SALE (9/10)
[2021-05-20 07:59:55,129:INFO] scrap eventProduct-SALE (10/10)
[2021-05-20 07:59:55,432:INFO] scrap eventProduct-X2 (1/2)
[2021-05-20 07:59:56,199:INFO] scrap eventProduct-X2 (2/2)
[2021-05-20 07:59:56,394:INFO] start rankingView
[2021-05-20 07:59:56,429:INFO] scrap rankingView (1 / 3)
[2021-05-20 08:01:33,174:ERROR] 처리되지 않은 에러 발생
Traceback (most recent call last):
  File "main_crawling.py", line 337, in scrap_all
    scrap_rankingView()
  File "main_crawling.py", line 146, in scrap_rankingView
    img = search_product(result[index][1])
  File "main_crawling.py", line 89, in search_product
    image = browser.find_element_by_xpath('/html/body/div[2]/c-wiz/div[3]/div[1]/div/div/div/div/div[1]/div[1]/div[1]/a[1]/div[1]/img')
  File "C:\Users\wltjd\Anaconda3\envs\crawling\lib\site-packages\selenium\webdriver\remote\webdriver.py", line 394, in find_element_by_xpath
    return self.find_element(by=By.XPATH, value=xpath)
  File "C:\Users\wltjd\Anaconda3\envs\crawling\lib\site-packages\selenium\webdriver\remote\webdriver.py", line 978, in find_element
    'value': value})['value']
  File "C:\Users\wltjd\Anaconda3\envs\crawling\lib\site-packages\selenium\webdriver\remote\webdriver.py", line 321, in execute
    self.error_handler.check_response(response)
  File "C:\Users\wltjd\Anaconda3\envs\crawling\lib\site-packages\selenium\webdriver\remote\errorhandler.py", line 242, in check_response
    raise exception_class(message, screen, stacktrace)
selenium.common.exceptions.NoSuchElementException: Message: no such element: Unable to locate element: {"method":"xpath","selector":"/html/body/div[2]/c-wiz/div[3]/div[1]/div/div/div/div/div[1]/div[1]/div[1]/a[1]/div[1]/img"}
  (Session info: chrome=90.0.4430.212)

