[2021-05-20 07:49:01,774:INFO] scrap event start
[2021-05-20 07:49:02,003:INFO] scrap event (1/32)
[2021-05-20 07:49:03,358:INFO] scrap event (2/32)
[2021-05-20 07:49:03,577:INFO] scrap event (3/32)
[2021-05-20 07:49:03,687:INFO] start eventProduct
[2021-05-20 07:49:03,785:INFO] scrap eventProduct-1n1 (1/27)
[2021-05-20 07:49:04,577:INFO] scrap eventProduct-1n1 (2/27)
[2021-05-20 07:49:05,406:INFO] scrap eventProduct-1n1 (3/27)
[2021-05-20 07:49:06,227:INFO] scrap eventProduct-1n1 (4/27)
[2021-05-20 07:49:07,059:INFO] scrap eventProduct-1n1 (5/27)
[2021-05-20 07:49:08,120:INFO] scrap eventProduct-1n1 (6/27)
[2021-05-20 07:49:08,924:INFO] scrap eventProduct-1n1 (7/27)
[2021-05-20 07:49:09,769:INFO] scrap eventProduct-1n1 (8/27)
[2021-05-20 07:49:10,559:INFO] scrap eventProduct-1n1 (9/27)
[2021-05-20 07:49:11,407:INFO] scrap eventProduct-1n1 (10/27)
[2021-05-20 07:49:12,170:INFO] scrap eventProduct-1n1 (11/27)
[2021-05-20 07:49:12,975:INFO] scrap eventProduct-1n1 (12/27)
[2021-05-20 07:49:13,771:INFO] scrap eventProduct-1n1 (13/27)
[2021-05-20 07:49:14,568:INFO] scrap eventProduct-1n1 (14/27)
[2021-05-20 07:49:15,356:INFO] scrap eventProduct-1n1 (15/27)
[2021-05-20 07:49:16,175:INFO] scrap eventProduct-1n1 (16/27)
[2021-05-20 07:49:16,987:INFO] scrap eventProduct-1n1 (17/27)
[2021-05-20 07:49:17,791:INFO] scrap eventProduct-1n1 (18/27)
[2021-05-20 07:49:18,609:INFO] scrap eventProduct-1n1 (19/27)
[2021-05-20 07:49:19,406:INFO] scrap eventProduct-1n1 (20/27)
[2021-05-20 07:49:20,208:INFO] scrap eventProduct-1n1 (21/27)
[2021-05-20 07:49:21,019:INFO] scrap eventProduct-1n1 (22/27)
[2021-05-20 07:49:21,819:INFO] scrap eventProduct-1n1 (23/27)
[2021-05-20 07:49:22,619:INFO] scrap eventProduct-1n1 (24/27)
[2021-05-20 07:49:23,439:INFO] scrap eventProduct-1n1 (25/27)
[2021-05-20 07:49:24,285:INFO] scrap eventProduct-1n1 (26/27)
[2021-05-20 07:49:25,086:INFO] scrap eventProduct-1n1 (27/27)
[2021-05-20 07:49:25,978:INFO] scrap eventProduct-2n1 (1/61)
[2021-05-20 07:49:26,801:INFO] scrap eventProduct-2n1 (2/61)
[2021-05-20 07:49:27,631:INFO] scrap eventProduct-2n1 (3/61)
[2021-05-20 07:49:28,462:INFO] scrap eventProduct-2n1 (4/61)
[2021-05-20 07:49:29,323:INFO] scrap eventProduct-2n1 (5/61)
[2021-05-20 07:49:30,118:INFO] scrap eventProduct-2n1 (6/61)
[2021-05-20 07:49:30,934:INFO] scrap eventProduct-2n1 (7/61)
[2021-05-20 07:49:31,753:INFO] scrap eventProduct-2n1 (8/61)
[2021-05-20 07:49:32,566:INFO] scrap eventProduct-2n1 (9/61)
[2021-05-20 07:49:34,683:INFO] scrap eventProduct-2n1 (10/61)
[2021-05-20 07:49:35,729:INFO] scrap eventProduct-2n1 (11/61)
[2021-05-20 07:49:36,580:INFO] scrap eventProduct-2n1 (12/61)
[2021-05-20 07:49:37,431:INFO] scrap eventProduct-2n1 (13/61)
[2021-05-20 07:49:38,263:INFO] scrap eventProduct-2n1 (14/61)
[2021-05-20 07:49:39,081:INFO] scrap eventProduct-2n1 (15/61)
[2021-05-20 07:49:39,933:INFO] scrap eventProduct-2n1 (16/61)
[2021-05-20 07:49:40,746:INFO] scrap eventProduct-2n1 (17/61)
[2021-05-20 07:49:41,593:INFO] scrap eventProduct-2n1 (18/61)
[2021-05-20 07:49:42,425:INFO] scrap eventProduct-2n1 (19/61)
[2021-05-20 07:49:43,251:INFO] scrap eventProduct-2n1 (20/61)
[2021-05-20 07:49:44,052:INFO] scrap eventProduct-2n1 (21/61)
[2021-05-20 07:49:44,886:INFO] scrap eventProduct-2n1 (22/61)
[2021-05-20 07:49:45,624:INFO] scrap eventProduct-2n1 (23/61)
[2021-05-20 07:49:46,438:INFO] scrap eventProduct-2n1 (24/61)
[2021-05-20 07:49:47,251:INFO] scrap eventProduct-2n1 (25/61)
[2021-05-20 07:49:48,111:INFO] scrap eventProduct-2n1 (26/61)
[2021-05-20 07:49:48,927:INFO] scrap eventProduct-2n1 (27/61)
[2021-05-20 07:49:49,714:INFO] scrap eventProduct-2n1 (28/61)
[2021-05-20 07:49:50,513:INFO] scrap eventProduct-2n1 (29/61)
[2021-05-20 07:49:51,306:INFO] scrap eventProduct-2n1 (30/61)
[2021-05-20 07:49:52,167:INFO] scrap eventProduct-2n1 (31/61)
[2021-05-20 07:49:52,994:INFO] scrap eventProduct-2n1 (32/61)
[2021-05-20 07:49:53,822:INFO] scrap eventProduct-2n1 (33/61)
[2021-05-20 07:49:54,651:INFO] scrap eventProduct-2n1 (34/61)
[2021-05-20 07:49:55,458:INFO] scrap eventProduct-2n1 (35/61)
[2021-05-20 07:49:56,290:INFO] scrap eventProduct-2n1 (36/61)
[2021-05-20 07:49:57,116:INFO] scrap eventProduct-2n1 (37/61)
[2021-05-20 07:49:57,926:INFO] scrap eventProduct-2n1 (38/61)
[2021-05-20 07:49:58,742:INFO] scrap eventProduct-2n1 (39/61)
[2021-05-20 07:49:59,565:INFO] scrap eventProduct-2n1 (40/61)
[2021-05-20 07:50:00,386:INFO] scrap eventProduct-2n1 (41/61)
[2021-05-20 07:50:01,233:INFO] scrap eventProduct-2n1 (42/61)
[2021-05-20 07:50:02,033:INFO] scrap eventProduct-2n1 (43/61)
[2021-05-20 07:50:02,813:INFO] scrap eventProduct-2n1 (44/61)
[2021-05-20 07:50:03,679:INFO] scrap eventProduct-2n1 (45/61)
[2021-05-20 07:50:04,683:INFO] scrap eventProduct-2n1 (46/61)
[2021-05-20 07:50:05,513:INFO] scrap eventProduct-2n1 (47/61)
[2021-05-20 07:50:06,329:INFO] scrap eventProduct-2n1 (48/61)
[2021-05-20 07:50:07,142:INFO] scrap eventProduct-2n1 (49/61)
[2021-05-20 07:50:07,974:INFO] scrap eventProduct-2n1 (50/61)
[2021-05-20 07:50:08,786:INFO] scrap eventProduct-2n1 (51/61)
[2021-05-20 07:50:09,602:INFO] scrap eventProduct-2n1 (52/61)
[2021-05-20 07:50:10,442:INFO] scrap eventProduct-2n1 (53/61)
[2021-05-20 07:50:11,246:INFO] scrap eventProduct-2n1 (54/61)
[2021-05-20 07:50:12,079:INFO] scrap eventProduct-2n1 (55/61)
[2021-05-20 07:50:12,907:INFO] scrap eventProduct-2n1 (56/61)
[2021-05-20 07:50:13,728:INFO] scrap eventProduct-2n1 (57/61)
[2021-05-20 07:50:14,538:INFO] scrap eventProduct-2n1 (58/61)
[2021-05-20 07:50:15,361:INFO] scrap eventProduct-2n1 (59/61)
[2021-05-20 07:50:16,205:INFO] scrap eventProduct-2n1 (60/61)
[2021-05-20 07:50:17,013:INFO] scrap eventProduct-2n1 (61/61)
[2021-05-20 07:50:17,681:INFO] scrap eventProduct-3n1 (1/1)
[2021-05-20 07:50:18,434:INFO] scrap eventProduct-SALE (1/10)
[2021-05-20 07:50:19,231:INFO] scrap eventProduct-SALE (2/10)
[2021-05-20 07:50:20,046:INFO] scrap eventProduct-SALE (3/10)
[2021-05-20 07:50:20,880:INFO] scrap eventProduct-SALE (4/10)
[2021-05-20 07:50:21,682:INFO] scrap eventProduct-SALE (5/10)
[2021-05-20 07:50:22,480:INFO] scrap eventProduct-SALE (6/10)
[2021-05-20 07:50:23,281:INFO] scrap eventProduct-SALE (7/10)
[2021-05-20 07:50:24,080:INFO] scrap eventProduct-SALE (8/10)
[2021-05-20 07:50:24,867:INFO] scrap eventProduct-SALE (9/10)
[2021-05-20 07:50:25,661:INFO] scrap eventProduct-SALE (10/10)
[2021-05-20 07:50:25,942:INFO] scrap eventProduct-X2 (1/2)
[2021-05-20 07:50:26,725:INFO] scrap eventProduct-X2 (2/2)
[2021-05-20 07:50:26,894:INFO] start rankingView
[2021-05-20 07:50:26,912:INFO] scrap rankingView (1 / 3)
[2021-05-20 07:51:50,822:INFO] scrap rankingView (2 / 3)
[2021-05-20 07:53:04,774:ERROR] 처리되지 않은 에러 발생
Traceback (most recent call last):
  File "main_crawling.py", line 337, in scrap_all
    scrap_rankingView()
  File "main_crawling.py", line 154, in scrap_rankingView
    img = search_product(result[index][1])
  File "main_crawling.py", line 89, in search_product
    image = browser.find_element_by_xpath('/html/body/div[2]/c-wiz/div[3]/div[1]/div/div/div/div/div[1]/div[1]/div[2]/a[1]/div[1]/img')
  File "C:\Users\wltjd\Anaconda3\envs\crawling\lib\site-packages\selenium\webdriver\remote\webdriver.py", line 394, in find_element_by_xpath
    return self.find_element(by=By.XPATH, value=xpath)
  File "C:\Users\wltjd\Anaconda3\envs\crawling\lib\site-packages\selenium\webdriver\remote\webdriver.py", line 978, in find_element
    'value': value})['value']
  File "C:\Users\wltjd\Anaconda3\envs\crawling\lib\site-packages\selenium\webdriver\remote\webdriver.py", line 321, in execute
    self.error_handler.check_response(response)
  File "C:\Users\wltjd\Anaconda3\envs\crawling\lib\site-packages\selenium\webdriver\remote\errorhandler.py", line 242, in check_response
    raise exception_class(message, screen, stacktrace)
selenium.common.exceptions.NoSuchElementException: Message: no such element: Unable to locate element: {"method":"xpath","selector":"/html/body/div[2]/c-wiz/div[3]/div[1]/div/div/div/div/div[1]/div[1]/div[2]/a[1]/div[1]/img"}
  (Session info: chrome=90.0.4430.212)

