[2021-05-20 07:41:53,272:INFO] scrap event start
[2021-05-20 07:41:53,505:INFO] scrap event (1/32)
[2021-05-20 07:41:54,848:INFO] scrap event (2/32)
[2021-05-20 07:41:55,068:INFO] scrap event (3/32)
[2021-05-20 07:41:55,194:INFO] start eventProduct
[2021-05-20 07:41:55,301:INFO] scrap eventProduct-1n1 (1/27)
[2021-05-20 07:41:56,105:INFO] scrap eventProduct-1n1 (2/27)
[2021-05-20 07:41:56,932:INFO] scrap eventProduct-1n1 (3/27)
[2021-05-20 07:41:57,727:INFO] scrap eventProduct-1n1 (4/27)
[2021-05-20 07:41:58,577:INFO] scrap eventProduct-1n1 (5/27)
[2021-05-20 07:41:59,376:INFO] scrap eventProduct-1n1 (6/27)
[2021-05-20 07:42:00,203:INFO] scrap eventProduct-1n1 (7/27)
[2021-05-20 07:42:00,989:INFO] scrap eventProduct-1n1 (8/27)
[2021-05-20 07:42:01,836:INFO] scrap eventProduct-1n1 (9/27)
[2021-05-20 07:42:02,680:INFO] scrap eventProduct-1n1 (10/27)
[2021-05-20 07:42:03,463:INFO] scrap eventProduct-1n1 (11/27)
[2021-05-20 07:42:04,293:INFO] scrap eventProduct-1n1 (12/27)
[2021-05-20 07:42:05,091:INFO] scrap eventProduct-1n1 (13/27)
[2021-05-20 07:42:05,880:INFO] scrap eventProduct-1n1 (14/27)
[2021-05-20 07:42:06,691:INFO] scrap eventProduct-1n1 (15/27)
[2021-05-20 07:42:07,528:INFO] scrap eventProduct-1n1 (16/27)
[2021-05-20 07:42:08,333:INFO] scrap eventProduct-1n1 (17/27)
[2021-05-20 07:42:09,108:INFO] scrap eventProduct-1n1 (18/27)
[2021-05-20 07:42:09,894:INFO] scrap eventProduct-1n1 (19/27)
[2021-05-20 07:42:10,732:INFO] scrap eventProduct-1n1 (20/27)
[2021-05-20 07:42:11,543:INFO] scrap eventProduct-1n1 (21/27)
[2021-05-20 07:42:12,335:INFO] scrap eventProduct-1n1 (22/27)
[2021-05-20 07:42:13,151:INFO] scrap eventProduct-1n1 (23/27)
[2021-05-20 07:42:13,935:INFO] scrap eventProduct-1n1 (24/27)
[2021-05-20 07:42:14,751:INFO] scrap eventProduct-1n1 (25/27)
[2021-05-20 07:42:15,546:INFO] scrap eventProduct-1n1 (26/27)
[2021-05-20 07:42:16,333:INFO] scrap eventProduct-1n1 (27/27)
[2021-05-20 07:42:17,151:INFO] scrap eventProduct-2n1 (1/61)
[2021-05-20 07:42:17,986:INFO] scrap eventProduct-2n1 (2/61)
[2021-05-20 07:42:18,807:INFO] scrap eventProduct-2n1 (3/61)
[2021-05-20 07:42:19,624:INFO] scrap eventProduct-2n1 (4/61)
[2021-05-20 07:42:20,486:INFO] scrap eventProduct-2n1 (5/61)
[2021-05-20 07:42:21,316:INFO] scrap eventProduct-2n1 (6/61)
[2021-05-20 07:42:22,148:INFO] scrap eventProduct-2n1 (7/61)
[2021-05-20 07:42:22,990:INFO] scrap eventProduct-2n1 (8/61)
[2021-05-20 07:42:23,827:INFO] scrap eventProduct-2n1 (9/61)
[2021-05-20 07:42:24,661:INFO] scrap eventProduct-2n1 (10/61)
[2021-05-20 07:42:25,503:INFO] scrap eventProduct-2n1 (11/61)
[2021-05-20 07:42:26,322:INFO] scrap eventProduct-2n1 (12/61)
[2021-05-20 07:42:27,153:INFO] scrap eventProduct-2n1 (13/61)
[2021-05-20 07:42:28,028:INFO] scrap eventProduct-2n1 (14/61)
[2021-05-20 07:42:28,862:INFO] scrap eventProduct-2n1 (15/61)
[2021-05-20 07:42:29,685:INFO] scrap eventProduct-2n1 (16/61)
[2021-05-20 07:42:30,557:INFO] scrap eventProduct-2n1 (17/61)
[2021-05-20 07:42:31,421:INFO] scrap eventProduct-2n1 (18/61)
[2021-05-20 07:42:32,248:INFO] scrap eventProduct-2n1 (19/61)
[2021-05-20 07:42:33,078:INFO] scrap eventProduct-2n1 (20/61)
[2021-05-20 07:42:33,926:INFO] scrap eventProduct-2n1 (21/61)
[2021-05-20 07:42:34,914:INFO] scrap eventProduct-2n1 (22/61)
[2021-05-20 07:42:35,793:INFO] scrap eventProduct-2n1 (23/61)
[2021-05-20 07:42:36,674:INFO] scrap eventProduct-2n1 (24/61)
[2021-05-20 07:42:37,534:INFO] scrap eventProduct-2n1 (25/61)
[2021-05-20 07:42:38,348:INFO] scrap eventProduct-2n1 (26/61)
[2021-05-20 07:42:39,158:INFO] scrap eventProduct-2n1 (27/61)
[2021-05-20 07:42:39,993:INFO] scrap eventProduct-2n1 (28/61)
[2021-05-20 07:42:40,823:INFO] scrap eventProduct-2n1 (29/61)
[2021-05-20 07:42:41,633:INFO] scrap eventProduct-2n1 (30/61)
[2021-05-20 07:42:42,452:INFO] scrap eventProduct-2n1 (31/61)
[2021-05-20 07:42:43,275:INFO] scrap eventProduct-2n1 (32/61)
[2021-05-20 07:42:44,079:INFO] scrap eventProduct-2n1 (33/61)
[2021-05-20 07:42:44,924:INFO] scrap eventProduct-2n1 (34/61)
[2021-05-20 07:42:45,730:INFO] scrap eventProduct-2n1 (35/61)
[2021-05-20 07:42:46,529:INFO] scrap eventProduct-2n1 (36/61)
[2021-05-20 07:42:47,331:INFO] scrap eventProduct-2n1 (37/61)
[2021-05-20 07:42:48,158:INFO] scrap eventProduct-2n1 (38/61)
[2021-05-20 07:42:48,978:INFO] scrap eventProduct-2n1 (39/61)
[2021-05-20 07:42:49,827:INFO] scrap eventProduct-2n1 (40/61)
[2021-05-20 07:42:50,623:INFO] scrap eventProduct-2n1 (41/61)
[2021-05-20 07:42:51,470:INFO] scrap eventProduct-2n1 (42/61)
[2021-05-20 07:42:52,311:INFO] scrap eventProduct-2n1 (43/61)
[2021-05-20 07:42:53,121:INFO] scrap eventProduct-2n1 (44/61)
[2021-05-20 07:42:53,904:INFO] scrap eventProduct-2n1 (45/61)
[2021-05-20 07:42:54,714:INFO] scrap eventProduct-2n1 (46/61)
[2021-05-20 07:42:55,489:INFO] scrap eventProduct-2n1 (47/61)
[2021-05-20 07:42:56,320:INFO] scrap eventProduct-2n1 (48/61)
[2021-05-20 07:42:57,121:INFO] scrap eventProduct-2n1 (49/61)
[2021-05-20 07:42:57,924:INFO] scrap eventProduct-2n1 (50/61)
[2021-05-20 07:42:58,730:INFO] scrap eventProduct-2n1 (51/61)
[2021-05-20 07:42:59,563:INFO] scrap eventProduct-2n1 (52/61)
[2021-05-20 07:43:00,369:INFO] scrap eventProduct-2n1 (53/61)
[2021-05-20 07:43:01,351:INFO] scrap eventProduct-2n1 (54/61)
[2021-05-20 07:43:02,170:INFO] scrap eventProduct-2n1 (55/61)
[2021-05-20 07:43:02,987:INFO] scrap eventProduct-2n1 (56/61)
[2021-05-20 07:43:03,820:INFO] scrap eventProduct-2n1 (57/61)
[2021-05-20 07:43:04,639:INFO] scrap eventProduct-2n1 (58/61)
[2021-05-20 07:43:05,425:INFO] scrap eventProduct-2n1 (59/61)
[2021-05-20 07:43:06,302:INFO] scrap eventProduct-2n1 (60/61)
[2021-05-20 07:43:07,099:INFO] scrap eventProduct-2n1 (61/61)
[2021-05-20 07:43:07,820:INFO] scrap eventProduct-3n1 (1/1)
[2021-05-20 07:43:08,568:INFO] scrap eventProduct-SALE (1/10)
[2021-05-20 07:43:09,374:INFO] scrap eventProduct-SALE (2/10)
[2021-05-20 07:43:10,194:INFO] scrap eventProduct-SALE (3/10)
[2021-05-20 07:43:11,008:INFO] scrap eventProduct-SALE (4/10)
[2021-05-20 07:43:12,410:INFO] scrap eventProduct-SALE (5/10)
[2021-05-20 07:43:13,243:INFO] scrap eventProduct-SALE (6/10)
[2021-05-20 07:43:14,058:INFO] scrap eventProduct-SALE (7/10)
[2021-05-20 07:43:14,819:INFO] scrap eventProduct-SALE (8/10)
[2021-05-20 07:43:15,615:INFO] scrap eventProduct-SALE (9/10)
[2021-05-20 07:43:16,432:INFO] scrap eventProduct-SALE (10/10)
[2021-05-20 07:43:16,756:INFO] scrap eventProduct-X2 (1/2)
[2021-05-20 07:43:17,558:INFO] scrap eventProduct-X2 (2/2)
[2021-05-20 07:43:17,787:INFO] start rankingView
[2021-05-20 07:43:17,821:INFO] scrap rankingView (1 / 3)
[2021-05-20 07:43:25,593:ERROR] 처리되지 않은 에러 발생
Traceback (most recent call last):
  File "main_crawling.py", line 337, in scrap_all
    scrap_rankingView()
  File "main_crawling.py", line 146, in scrap_rankingView
    img = search_product(result[index][1])
  File "main_crawling.py", line 89, in search_product
    image = browser.find_element_by_xpath('/html/body/div[2]/c-wiz/div[3]/div[1]/div/div/div/div/div[1]/div[1]/div[3]/a[1]/div[1]/img')
  File "C:\Users\wltjd\Anaconda3\envs\crawling\lib\site-packages\selenium\webdriver\remote\webdriver.py", line 394, in find_element_by_xpath
    return self.find_element(by=By.XPATH, value=xpath)
  File "C:\Users\wltjd\Anaconda3\envs\crawling\lib\site-packages\selenium\webdriver\remote\webdriver.py", line 978, in find_element
    'value': value})['value']
  File "C:\Users\wltjd\Anaconda3\envs\crawling\lib\site-packages\selenium\webdriver\remote\webdriver.py", line 321, in execute
    self.error_handler.check_response(response)
  File "C:\Users\wltjd\Anaconda3\envs\crawling\lib\site-packages\selenium\webdriver\remote\errorhandler.py", line 242, in check_response
    raise exception_class(message, screen, stacktrace)
selenium.common.exceptions.NoSuchElementException: Message: no such element: Unable to locate element: {"method":"xpath","selector":"/html/body/div[2]/c-wiz/div[3]/div[1]/div/div/div/div/div[1]/div[1]/div[3]/a[1]/div[1]/img"}
  (Session info: chrome=90.0.4430.212)

